This file contains any messages produced by compilers while
running configure, to aid debugging if configure makes a mistake.

It was created by configure, which was
generated by GNU Autoconf 2.59.  Invocation command line was

  $ ./configure 

## --------- ##
## Platform. ##
## --------- ##

hostname = ubuntu
uname -m = i686
uname -r = 2.6.38-15-generic
uname -s = Linux
uname -v = #60-Ubuntu SMP Tue May 22 11:30:47 UTC 2012

/usr/bin/uname -p = unknown
/bin/uname -X     = unknown

/bin/arch              = unknown
/usr/bin/arch -k       = unknown
/usr/convex/getsysinfo = unknown
hostinfo               = unknown
/bin/machine           = unknown
/usr/bin/oslevel       = unknown
/bin/universe          = unknown

PATH: /usr/local/sbin
PATH: /usr/local/bin
PATH: /usr/sbin
PATH: /usr/bin
PATH: /sbin
PATH: /bin
PATH: /usr/games


## ----------- ##
## Core tests. ##
## ----------- ##

configure:1513: partysip, The partysip SIP proxy server.
configure:1515: Copyright (C) 2002,2003,2004   WellX Telecom   - <partysip@wellx.com>
configure:1517: Copyright (C) 2002,2003,2004   Aymeric MOIZARD - <jack@atosc.org>
configure:1537: result: Configuring partysip 2.2.3
configure:1540: result: Building Package on linux
configure:1584: checking for a BSD-compatible install
configure:1639: result: /usr/bin/install -c
configure:1650: checking whether build environment is sane
configure:1693: result: yes
configure:1750: checking for gawk
configure:1779: result: no
configure:1750: checking for mawk
configure:1766: found /usr/bin/mawk
configure:1776: result: mawk
configure:1786: checking whether make sets $(MAKE)
configure:1806: result: yes
configure:1993: checking build system type
configure:2011: result: i686-pc-linux-gnu
configure:2019: checking host system type
configure:2033: result: i686-pc-linux-gnu
configure:2091: checking for gcc
configure:2107: found /usr/bin/gcc
configure:2117: result: gcc
configure:2361: checking for C compiler version
configure:2364: gcc --version </dev/null >&5
gcc (Ubuntu/Linaro 4.5.2-8ubuntu4) 4.5.2
Copyright (C) 2010 Free Software Foundation, Inc.
This is free software; see the source for copying conditions.  There is NO
warranty; not even for MERCHANTABILITY or FITNESS FOR A PARTICULAR PURPOSE.

configure:2367: $? = 0
configure:2369: gcc -v </dev/null >&5
Using built-in specs.
COLLECT_GCC=gcc
COLLECT_LTO_WRAPPER=/usr/lib/i386-linux-gnu/gcc/i686-linux-gnu/4.5.2/lto-wrapper
Target: i686-linux-gnu
Configured with: ../src/configure -v --with-pkgversion='Ubuntu/Linaro 4.5.2-8ubuntu4' --with-bugurl=file:///usr/share/doc/gcc-4.5/README.Bugs --enable-languages=c,c++,fortran,objc,obj-c++ --prefix=/usr --program-suffix=-4.5 --enable-shared --enable-multiarch --with-multiarch-defaults=i386-linux-gnu --enable-linker-build-id --with-system-zlib --libexecdir=/usr/lib/i386-linux-gnu --without-included-gettext --enable-threads=posix --with-gxx-include-dir=/usr/include/c++/4.5 --libdir=/usr/lib/i386-linux-gnu --enable-nls --with-sysroot=/ --enable-clocale=gnu --enable-libstdcxx-debug --enable-libstdcxx-time=yes --enable-plugin --enable-gold --enable-ld=default --with-plugin-ld=ld.gold --enable-objc-gc --enable-targets=all --disable-werror --with-arch-32=i686 --with-tune=generic --enable-checking=release --build=i686-linux-gnu --host=i686-linux-gnu --target=i686-linux-gnu
Thread model: posix
gcc version 4.5.2 (Ubuntu/Linaro 4.5.2-8ubuntu4) 
configure:2372: $? = 0
configure:2374: gcc -V </dev/null >&5
gcc: '-V' option must have argument
configure:2377: $? = 1
configure:2400: checking for C compiler default output file name
configure:2403: gcc    conftest.c  >&5
configure:2406: $? = 0
configure:2452: result: a.out
configure:2457: checking whether the C compiler works
configure:2463: ./a.out
configure:2466: $? = 0
configure:2483: result: yes
configure:2490: checking whether we are cross compiling
configure:2492: result: no
configure:2495: checking for suffix of executables
configure:2497: gcc -o conftest    conftest.c  >&5
configure:2500: $? = 0
configure:2525: result: 
configure:2531: checking for suffix of object files
configure:2552: gcc -c   conftest.c >&5
configure:2555: $? = 0
configure:2577: result: o
configure:2581: checking whether we are using the GNU C compiler
configure:2605: gcc -c   conftest.c >&5
configure:2611: $? = 0
configure:2614: test -z 			 || test ! -s conftest.err
configure:2617: $? = 0
configure:2620: test -s conftest.o
configure:2623: $? = 0
configure:2636: result: yes
configure:2642: checking whether gcc accepts -g
configure:2663: gcc -c -g  conftest.c >&5
configure:2669: $? = 0
configure:2672: test -z 			 || test ! -s conftest.err
configure:2675: $? = 0
configure:2678: test -s conftest.o
configure:2681: $? = 0
configure:2692: result: yes
configure:2709: checking for gcc option to accept ANSI C
configure:2779: gcc  -c -g -O2  conftest.c >&5
configure:2785: $? = 0
configure:2788: test -z 			 || test ! -s conftest.err
configure:2791: $? = 0
configure:2794: test -s conftest.o
configure:2797: $? = 0
configure:2815: result: none needed
configure:2833: gcc -c -g -O2  conftest.c >&5
conftest.c:2:9: error: expected '=', ',', ';', 'asm' or '__attribute__' before 'me'
configure:2839: $? = 1
configure: failed program was:
| #ifndef __cplusplus
|   choke me
| #endif
configure:2980: checking for style of include used by make
configure:3008: result: GNU
configure:3036: checking dependency style of gcc
configure:3126: result: gcc3
configure:3148: checking how to run the C preprocessor
configure:3183: gcc -E  conftest.c
configure:3189: $? = 0
configure:3221: gcc -E  conftest.c
conftest.c:11:28: fatal error: ac_nonexistent.h: No such file or directory
compilation terminated.
configure:3227: $? = 1
configure: failed program was:
| /* confdefs.h.  */
| 
| #define PACKAGE_NAME ""
| #define PACKAGE_TARNAME ""
| #define PACKAGE_VERSION ""
| #define PACKAGE_STRING ""
| #define PACKAGE_BUGREPORT ""
| #define PACKAGE "partysip"
| #define VERSION "2.2.3"
| /* end confdefs.h.  */
| #include <ac_nonexistent.h>
configure:3266: result: gcc -E
configure:3290: gcc -E  conftest.c
configure:3296: $? = 0
configure:3328: gcc -E  conftest.c
conftest.c:11:28: fatal error: ac_nonexistent.h: No such file or directory
compilation terminated.
configure:3334: $? = 1
configure: failed program was:
| /* confdefs.h.  */
| 
| #define PACKAGE_NAME ""
| #define PACKAGE_TARNAME ""
| #define PACKAGE_VERSION ""
| #define PACKAGE_STRING ""
| #define PACKAGE_BUGREPORT ""
| #define PACKAGE "partysip"
| #define VERSION "2.2.3"
| /* end confdefs.h.  */
| #include <ac_nonexistent.h>
configure:3390: checking for a BSD-compatible install
configure:3445: result: /usr/bin/install -c
configure:3457: checking for a sed that does not truncate output
configure:3511: result: /bin/sed
configure:3589: checking for egrep
configure:3599: result: grep -E
configure:3615: checking for ld used by gcc
configure:3682: result: /usr/bin/ld
configure:3691: checking if the linker (/usr/bin/ld) is GNU ld
configure:3706: result: yes
configure:3711: checking for /usr/bin/ld option to reload object files
configure:3718: result: -r
configure:3727: checking for BSD-compatible nm
configure:3769: result: /usr/bin/nm -B
configure:3773: checking whether ln -s works
configure:3777: result: yes
configure:3784: checking how to recognise dependent libraries
configure:3958: result: pass_all
configure:4167: checking for ANSI C header files
configure:4192: gcc -c -g -O2  conftest.c >&5
configure:4198: $? = 0
configure:4201: test -z 			 || test ! -s conftest.err
configure:4204: $? = 0
configure:4207: test -s conftest.o
configure:4210: $? = 0
configure:4299: gcc -o conftest -g -O2   conftest.c  >&5
conftest.c: In function 'main':
conftest.c:28:7: warning: incompatible implicit declaration of built-in function 'exit'
configure:4302: $? = 0
configure:4304: ./conftest
configure:4307: $? = 0
configure:4322: result: yes
configure:4346: checking for sys/types.h
configure:4362: gcc -c -g -O2  conftest.c >&5
configure:4368: $? = 0
configure:4371: test -z 			 || test ! -s conftest.err
configure:4374: $? = 0
configure:4377: test -s conftest.o
configure:4380: $? = 0
configure:4391: result: yes
configure:4346: checking for sys/stat.h
configure:4362: gcc -c -g -O2  conftest.c >&5
configure:4368: $? = 0
configure:4371: test -z 			 || test ! -s conftest.err
configure:4374: $? = 0
configure:4377: test -s conftest.o
configure:4380: $? = 0
configure:4391: result: yes
configure:4346: checking for stdlib.h
configure:4362: gcc -c -g -O2  conftest.c >&5
configure:4368: $? = 0
configure:4371: test -z 			 || test ! -s conftest.err
configure:4374: $? = 0
configure:4377: test -s conftest.o
configure:4380: $? = 0
configure:4391: result: yes
configure:4346: checking for string.h
configure:4362: gcc -c -g -O2  conftest.c >&5
configure:4368: $? = 0
configure:4371: test -z 			 || test ! -s conftest.err
configure:4374: $? = 0
configure:4377: test -s conftest.o
configure:4380: $? = 0
configure:4391: result: yes
configure:4346: checking for memory.h
configure:4362: gcc -c -g -O2  conftest.c >&5
configure:4368: $? = 0
configure:4371: test -z 			 || test ! -s conftest.err
configure:4374: $? = 0
configure:4377: test -s conftest.o
configure:4380: $? = 0
configure:4391: result: yes
configure:4346: checking for strings.h
configure:4362: gcc -c -g -O2  conftest.c >&5
configure:4368: $? = 0
configure:4371: test -z 			 || test ! -s conftest.err
configure:4374: $? = 0
configure:4377: test -s conftest.o
configure:4380: $? = 0
configure:4391: result: yes
configure:4346: checking for inttypes.h
configure:4362: gcc -c -g -O2  conftest.c >&5
configure:4368: $? = 0
configure:4371: test -z 			 || test ! -s conftest.err
configure:4374: $? = 0
configure:4377: test -s conftest.o
configure:4380: $? = 0
configure:4391: result: yes
configure:4346: checking for stdint.h
configure:4362: gcc -c -g -O2  conftest.c >&5
configure:4368: $? = 0
configure:4371: test -z 			 || test ! -s conftest.err
configure:4374: $? = 0
configure:4377: test -s conftest.o
configure:4380: $? = 0
configure:4391: result: yes
configure:4346: checking for unistd.h
configure:4362: gcc -c -g -O2  conftest.c >&5
configure:4368: $? = 0
configure:4371: test -z 			 || test ! -s conftest.err
configure:4374: $? = 0
configure:4377: test -s conftest.o
configure:4380: $? = 0
configure:4391: result: yes
configure:4417: checking dlfcn.h usability
configure:4429: gcc -c -g -O2  conftest.c >&5
configure:4435: $? = 0
configure:4438: test -z 			 || test ! -s conftest.err
configure:4441: $? = 0
configure:4444: test -s conftest.o
configure:4447: $? = 0
configure:4457: result: yes
configure:4461: checking dlfcn.h presence
configure:4471: gcc -E  conftest.c
configure:4477: $? = 0
configure:4497: result: yes
configure:4532: checking for dlfcn.h
configure:4539: result: yes
configure:4604: checking for g++
configure:4620: found /usr/bin/g++
configure:4630: result: g++
configure:4646: checking for C++ compiler version
configure:4649: g++ --version </dev/null >&5
g++ (Ubuntu/Linaro 4.5.2-8ubuntu4) 4.5.2
Copyright (C) 2010 Free Software Foundation, Inc.
This is free software; see the source for copying conditions.  There is NO
warranty; not even for MERCHANTABILITY or FITNESS FOR A PARTICULAR PURPOSE.

configure:4652: $? = 0
configure:4654: g++ -v </dev/null >&5
Using built-in specs.
COLLECT_GCC=g++
COLLECT_LTO_WRAPPER=/usr/lib/i386-linux-gnu/gcc/i686-linux-gnu/4.5.2/lto-wrapper
Target: i686-linux-gnu
Configured with: ../src/configure -v --with-pkgversion='Ubuntu/Linaro 4.5.2-8ubuntu4' --with-bugurl=file:///usr/share/doc/gcc-4.5/README.Bugs --enable-languages=c,c++,fortran,objc,obj-c++ --prefix=/usr --program-suffix=-4.5 --enable-shared --enable-multiarch --with-multiarch-defaults=i386-linux-gnu --enable-linker-build-id --with-system-zlib --libexecdir=/usr/lib/i386-linux-gnu --without-included-gettext --enable-threads=posix --with-gxx-include-dir=/usr/include/c++/4.5 --libdir=/usr/lib/i386-linux-gnu --enable-nls --with-sysroot=/ --enable-clocale=gnu --enable-libstdcxx-debug --enable-libstdcxx-time=yes --enable-plugin --enable-gold --enable-ld=default --with-plugin-ld=ld.gold --enable-objc-gc --enable-targets=all --disable-werror --with-arch-32=i686 --with-tune=generic --enable-checking=release --build=i686-linux-gnu --host=i686-linux-gnu --target=i686-linux-gnu
Thread model: posix
gcc version 4.5.2 (Ubuntu/Linaro 4.5.2-8ubuntu4) 
configure:4657: $? = 0
configure:4659: g++ -V </dev/null >&5
g++: '-V' option must have argument
configure:4662: $? = 1
configure:4665: checking whether we are using the GNU C++ compiler
configure:4689: g++ -c   conftest.cc >&5
configure:4695: $? = 0
configure:4698: test -z 			 || test ! -s conftest.err
configure:4701: $? = 0
configure:4704: test -s conftest.o
configure:4707: $? = 0
configure:4720: result: yes
configure:4726: checking whether g++ accepts -g
configure:4747: g++ -c -g  conftest.cc >&5
configure:4753: $? = 0
configure:4756: test -z 			 || test ! -s conftest.err
configure:4759: $? = 0
configure:4762: test -s conftest.o
configure:4765: $? = 0
configure:4776: result: yes
configure:4818: g++ -c -g -O2  conftest.cc >&5
configure:4824: $? = 0
configure:4827: test -z 			 || test ! -s conftest.err
configure:4830: $? = 0
configure:4833: test -s conftest.o
configure:4836: $? = 0
configure:4862: g++ -c -g -O2  conftest.cc >&5
conftest.cc: In function 'int main()':
conftest.cc:26:9: error: 'exit' was not declared in this scope
configure:4868: $? = 1
configure: failed program was:
| /* confdefs.h.  */
| 
| #define PACKAGE_NAME ""
| #define PACKAGE_TARNAME ""
| #define PACKAGE_VERSION ""
| #define PACKAGE_STRING ""
| #define PACKAGE_BUGREPORT ""
| #define PACKAGE "partysip"
| #define VERSION "2.2.3"
| #define STDC_HEADERS 1
| #define HAVE_SYS_TYPES_H 1
| #define HAVE_SYS_STAT_H 1
| #define HAVE_STDLIB_H 1
| #define HAVE_STRING_H 1
| #define HAVE_MEMORY_H 1
| #define HAVE_STRINGS_H 1
| #define HAVE_INTTYPES_H 1
| #define HAVE_STDINT_H 1
| #define HAVE_UNISTD_H 1
| #define HAVE_DLFCN_H 1
| /* end confdefs.h.  */
| 
| int
| main ()
| {
| exit (42);
|   ;
|   return 0;
| }
configure:4818: g++ -c -g -O2  conftest.cc >&5
conftest.cc:22:40: error: 'void std::exit(int)' should have been declared inside 'std'
configure:4824: $? = 1
configure: failed program was:
| /* confdefs.h.  */
| 
| #define PACKAGE_NAME ""
| #define PACKAGE_TARNAME ""
| #define PACKAGE_VERSION ""
| #define PACKAGE_STRING ""
| #define PACKAGE_BUGREPORT ""
| #define PACKAGE "partysip"
| #define VERSION "2.2.3"
| #define STDC_HEADERS 1
| #define HAVE_SYS_TYPES_H 1
| #define HAVE_SYS_STAT_H 1
| #define HAVE_STDLIB_H 1
| #define HAVE_STRING_H 1
| #define HAVE_MEMORY_H 1
| #define HAVE_STRINGS_H 1
| #define HAVE_INTTYPES_H 1
| #define HAVE_STDINT_H 1
| #define HAVE_UNISTD_H 1
| #define HAVE_DLFCN_H 1
| /* end confdefs.h.  */
| extern "C" void std::exit (int) throw (); using std::exit;
| #include <stdlib.h>
| int
| main ()
| {
| exit (42);
|   ;
|   return 0;
| }
configure:4818: g++ -c -g -O2  conftest.cc >&5
conftest.cc:22:31: error: 'void std::exit(int)' should have been declared inside 'std'
In file included from conftest.cc:23:0:
/usr/include/stdlib.h:544:70: error: declaration of 'void std::exit(int) throw ()' throws different exceptions
conftest.cc:22:17: error: from previous declaration 'void std::exit(int)'
configure:4824: $? = 1
configure: failed program was:
| /* confdefs.h.  */
| 
| #define PACKAGE_NAME ""
| #define PACKAGE_TARNAME ""
| #define PACKAGE_VERSION ""
| #define PACKAGE_STRING ""
| #define PACKAGE_BUGREPORT ""
| #define PACKAGE "partysip"
| #define VERSION "2.2.3"
| #define STDC_HEADERS 1
| #define HAVE_SYS_TYPES_H 1
| #define HAVE_SYS_STAT_H 1
| #define HAVE_STDLIB_H 1
| #define HAVE_STRING_H 1
| #define HAVE_MEMORY_H 1
| #define HAVE_STRINGS_H 1
| #define HAVE_INTTYPES_H 1
| #define HAVE_STDINT_H 1
| #define HAVE_UNISTD_H 1
| #define HAVE_DLFCN_H 1
| /* end confdefs.h.  */
| extern "C" void std::exit (int); using std::exit;
| #include <stdlib.h>
| int
| main ()
| {
| exit (42);
|   ;
|   return 0;
| }
configure:4818: g++ -c -g -O2  conftest.cc >&5
configure:4824: $? = 0
configure:4827: test -z 			 || test ! -s conftest.err
configure:4830: $? = 0
configure:4833: test -s conftest.o
configure:4836: $? = 0
configure:4862: g++ -c -g -O2  conftest.cc >&5
configure:4868: $? = 0
configure:4871: test -z 			 || test ! -s conftest.err
configure:4874: $? = 0
configure:4877: test -s conftest.o
configure:4880: $? = 0
configure:4905: checking dependency style of g++
configure:4995: result: gcc3
configure:5017: checking how to run the C++ preprocessor
configure:5048: g++ -E  conftest.cc
configure:5054: $? = 0
configure:5086: g++ -E  conftest.cc
conftest.cc:25:28: fatal error: ac_nonexistent.h: No such file or directory
compilation terminated.
configure:5092: $? = 1
configure: failed program was:
| /* confdefs.h.  */
| 
| #define PACKAGE_NAME ""
| #define PACKAGE_TARNAME ""
| #define PACKAGE_VERSION ""
| #define PACKAGE_STRING ""
| #define PACKAGE_BUGREPORT ""
| #define PACKAGE "partysip"
| #define VERSION "2.2.3"
| #define STDC_HEADERS 1
| #define HAVE_SYS_TYPES_H 1
| #define HAVE_SYS_STAT_H 1
| #define HAVE_STDLIB_H 1
| #define HAVE_STRING_H 1
| #define HAVE_MEMORY_H 1
| #define HAVE_STRINGS_H 1
| #define HAVE_INTTYPES_H 1
| #define HAVE_STDINT_H 1
| #define HAVE_UNISTD_H 1
| #define HAVE_DLFCN_H 1
| #ifdef __cplusplus
| extern "C" void exit (int) throw ();
| #endif
| /* end confdefs.h.  */
| #include <ac_nonexistent.h>
configure:5131: result: g++ -E
configure:5155: g++ -E  conftest.cc
configure:5161: $? = 0
configure:5193: g++ -E  conftest.cc
conftest.cc:25:28: fatal error: ac_nonexistent.h: No such file or directory
compilation terminated.
configure:5199: $? = 1
configure: failed program was:
| /* confdefs.h.  */
| 
| #define PACKAGE_NAME ""
| #define PACKAGE_TARNAME ""
| #define PACKAGE_VERSION ""
| #define PACKAGE_STRING ""
| #define PACKAGE_BUGREPORT ""
| #define PACKAGE "partysip"
| #define VERSION "2.2.3"
| #define STDC_HEADERS 1
| #define HAVE_SYS_TYPES_H 1
| #define HAVE_SYS_STAT_H 1
| #define HAVE_STDLIB_H 1
| #define HAVE_STRING_H 1
| #define HAVE_MEMORY_H 1
| #define HAVE_STRINGS_H 1
| #define HAVE_INTTYPES_H 1
| #define HAVE_STDINT_H 1
| #define HAVE_UNISTD_H 1
| #define HAVE_DLFCN_H 1
| #ifdef __cplusplus
| extern "C" void exit (int) throw ();
| #endif
| /* end confdefs.h.  */
| #include <ac_nonexistent.h>
configure:5294: checking for g77
configure:5323: result: no
configure:5294: checking for f77
configure:5323: result: no
configure:5294: checking for xlf
configure:5323: result: no
configure:5294: checking for frt
configure:5323: result: no
configure:5294: checking for pgf77
configure:5323: result: no
configure:5294: checking for fort77
configure:5323: result: no
configure:5294: checking for fl32
configure:5323: result: no
configure:5294: checking for af77
configure:5323: result: no
configure:5294: checking for f90
configure:5323: result: no
configure:5294: checking for xlf90
configure:5323: result: no
configure:5294: checking for pgf90
configure:5323: result: no
configure:5294: checking for epcf90
configure:5323: result: no
configure:5294: checking for f95
configure:5323: result: no
configure:5294: checking for fort
configure:5323: result: no
configure:5294: checking for xlf95
configure:5323: result: no
configure:5294: checking for ifc
configure:5323: result: no
configure:5294: checking for efc
configure:5323: result: no
configure:5294: checking for pgf95
configure:5323: result: no
configure:5294: checking for lf95
configure:5323: result: no
configure:5294: checking for gfortran
configure:5323: result: no
configure:5335: checking for Fortran 77 compiler version
configure:5338:  --version </dev/null >&5
./configure: line 5339: --version: command not found
configure:5341: $? = 127
configure:5343:  -v </dev/null >&5
./configure: line 5344: -v: command not found
configure:5346: $? = 127
configure:5348:  -V </dev/null >&5
./configure: line 5349: -V: command not found
configure:5351: $? = 127
configure:5359: checking whether we are using the GNU Fortran 77 compiler
configure:5373:  -c  conftest.F >&5
./configure: line 5374: -c: command not found
configure:5379: $? = 127
configure: failed program was:
|       program main
| #ifndef __GNUC__
|        choke me
| #endif
| 
|       end
configure:5404: result: no
configure:5410: checking whether  accepts -g
configure:5422:  -c -g conftest.f >&5
./configure: line 5423: -c: command not found
configure:5428: $? = 127
configure: failed program was:
|       program main
| 
|       end
configure:5452: result: no
configure:5482: checking the maximum length of command line arguments
configure:5547: result: 32768
configure:5558: checking command to parse /usr/bin/nm -B output from gcc object
configure:5647: gcc -c -g -O2  conftest.c >&5
configure:5650: $? = 0
configure:5654: /usr/bin/nm -B conftest.o \| sed -n -e 's/^.*[ 	]\([ABCDGIRSTW][ABCDGIRSTW]*\)[ 	][ 	]*\(\)\([_A-Za-z][_A-Za-z0-9]*\)$/\1 \2\3 \3/p' \> conftest.nm
configure:5657: $? = 0
configure:5709: gcc -o conftest -g -O2   conftest.c conftstm.o >&5
configure:5712: $? = 0
configure:5750: result: ok
configure:5754: checking for objdir
configure:5769: result: .libs
configure:5859: checking for ar
configure:5875: found /usr/bin/ar
configure:5886: result: ar
configure:5939: checking for ranlib
configure:5955: found /usr/bin/ranlib
configure:5966: result: ranlib
configure:6019: checking for strip
configure:6035: found /usr/bin/strip
configure:6046: result: strip
configure:6308: checking if gcc static flag  works
configure:6331: result: yes
configure:6349: checking if gcc supports -fno-rtti -fno-exceptions
configure:6367: gcc -c -g -O2  -fno-rtti -fno-exceptions conftest.c >&5
cc1: warning: command line option "-fno-rtti" is valid for C++/ObjC++ but not for C
configure:6371: $? = 0
configure:6382: result: no
configure:6397: checking for gcc option to produce PIC
configure:6574: result: -fPIC
configure:6582: checking if gcc PIC flag -fPIC works
configure:6600: gcc -c -g -O2  -fPIC -DPIC conftest.c >&5
configure:6604: $? = 0
configure:6615: result: yes
configure:6639: checking if gcc supports -c -o file.o
configure:6660: gcc -c -g -O2  -o out/conftest2.o conftest.c >&5
configure:6664: $? = 0
configure:6684: result: yes
configure:6710: checking whether the gcc linker (/usr/bin/ld) supports shared libraries
configure:7557: result: yes
configure:7583: checking whether -lc should be explicitly linked in
configure:7588: gcc -c -g -O2  conftest.c >&5
configure:7591: $? = 0
configure:7605: gcc -shared conftest.o  -v -Wl,-soname -Wl,conftest -o conftest 2\>\&1 \| grep  -lc  \>/dev/null 2\>\&1
configure:7608: $? = 0
configure:7620: result: no
configure:7628: checking dynamic linker characteristics
configure:8180: result: GNU/Linux ld.so
configure:8184: checking how to hardcode library paths into programs
configure:8209: result: immediate
configure:8223: checking whether stripping libraries is possible
configure:8228: result: yes
configure:8353: checking for shl_load
configure:8410: gcc -o conftest -g -O2   conftest.c  >&5
/tmp/cc5tqydi.o: In function `main':
/home/gongzf/codelab/partysip-2.2.3/conftest.c:65: undefined reference to `shl_load'
/tmp/cc5tqydi.o:(.data+0x0): undefined reference to `shl_load'
collect2: ld returned 1 exit status
configure:8416: $? = 1
configure: failed program was:
| /* confdefs.h.  */
| 
| #define PACKAGE_NAME ""
| #define PACKAGE_TARNAME ""
| #define PACKAGE_VERSION ""
| #define PACKAGE_STRING ""
| #define PACKAGE_BUGREPORT ""
| #define PACKAGE "partysip"
| #define VERSION "2.2.3"
| #define STDC_HEADERS 1
| #define HAVE_SYS_TYPES_H 1
| #define HAVE_SYS_STAT_H 1
| #define HAVE_STDLIB_H 1
| #define HAVE_STRING_H 1
| #define HAVE_MEMORY_H 1
| #define HAVE_STRINGS_H 1
| #define HAVE_INTTYPES_H 1
| #define HAVE_STDINT_H 1
| #define HAVE_UNISTD_H 1
| #define HAVE_DLFCN_H 1
| #ifdef __cplusplus
| extern "C" void exit (int) throw ();
| #endif
| /* end confdefs.h.  */
| /* Define shl_load to an innocuous variant, in case <limits.h> declares shl_load.
|    For example, HP-UX 11i <limits.h> declares gettimeofday.  */
| #define shl_load innocuous_shl_load
| 
| /* System header to define __stub macros and hopefully few prototypes,
|     which can conflict with char shl_load (); below.
|     Prefer <limits.h> to <assert.h> if __STDC__ is defined, since
|     <limits.h> exists even on freestanding compilers.  */
| 
| #ifdef __STDC__
| # include <limits.h>
| #else
| # include <assert.h>
| #endif
| 
| #undef shl_load
| 
| /* Override any gcc2 internal prototype to avoid an error.  */
| #ifdef __cplusplus
| extern "C"
| {
| #endif
| /* We use char because int might match the return type of a gcc2
|    builtin and then its argument prototype would still apply.  */
| char shl_load ();
| /* The GNU C library defines this for functions which it implements
|     to always fail with ENOSYS.  Some functions are actually named
|     something starting with __ and the normal name is an alias.  */
| #if defined (__stub_shl_load) || defined (__stub___shl_load)
| choke me
| #else
| char (*f) () = shl_load;
| #endif
| #ifdef __cplusplus
| }
| #endif
| 
| int
| main ()
| {
| return f != shl_load;
|   ;
|   return 0;
| }
configure:8440: result: no
configure:8445: checking for shl_load in -ldld
configure:8475: gcc -o conftest -g -O2   conftest.c -ldld   >&5
/usr/bin/ld: cannot find -ldld
collect2: ld returned 1 exit status
configure:8481: $? = 1
configure: failed program was:
| /* confdefs.h.  */
| 
| #define PACKAGE_NAME ""
| #define PACKAGE_TARNAME ""
| #define PACKAGE_VERSION ""
| #define PACKAGE_STRING ""
| #define PACKAGE_BUGREPORT ""
| #define PACKAGE "partysip"
| #define VERSION "2.2.3"
| #define STDC_HEADERS 1
| #define HAVE_SYS_TYPES_H 1
| #define HAVE_SYS_STAT_H 1
| #define HAVE_STDLIB_H 1
| #define HAVE_STRING_H 1
| #define HAVE_MEMORY_H 1
| #define HAVE_STRINGS_H 1
| #define HAVE_INTTYPES_H 1
| #define HAVE_STDINT_H 1
| #define HAVE_UNISTD_H 1
| #define HAVE_DLFCN_H 1
| #ifdef __cplusplus
| extern "C" void exit (int) throw ();
| #endif
| /* end confdefs.h.  */
| 
| /* Override any gcc2 internal prototype to avoid an error.  */
| #ifdef __cplusplus
| extern "C"
| #endif
| /* We use char because int might match the return type of a gcc2
|    builtin and then its argument prototype would still apply.  */
| char shl_load ();
| int
| main ()
| {
| shl_load ();
|   ;
|   return 0;
| }
configure:8506: result: no
configure:8511: checking for dlopen
configure:8568: gcc -o conftest -g -O2   conftest.c  >&5
/tmp/ccKmwlSf.o: In function `main':
/home/gongzf/codelab/partysip-2.2.3/conftest.c:65: undefined reference to `dlopen'
/tmp/ccKmwlSf.o:(.data+0x0): undefined reference to `dlopen'
collect2: ld returned 1 exit status
configure:8574: $? = 1
configure: failed program was:
| /* confdefs.h.  */
| 
| #define PACKAGE_NAME ""
| #define PACKAGE_TARNAME ""
| #define PACKAGE_VERSION ""
| #define PACKAGE_STRING ""
| #define PACKAGE_BUGREPORT ""
| #define PACKAGE "partysip"
| #define VERSION "2.2.3"
| #define STDC_HEADERS 1
| #define HAVE_SYS_TYPES_H 1
| #define HAVE_SYS_STAT_H 1
| #define HAVE_STDLIB_H 1
| #define HAVE_STRING_H 1
| #define HAVE_MEMORY_H 1
| #define HAVE_STRINGS_H 1
| #define HAVE_INTTYPES_H 1
| #define HAVE_STDINT_H 1
| #define HAVE_UNISTD_H 1
| #define HAVE_DLFCN_H 1
| #ifdef __cplusplus
| extern "C" void exit (int) throw ();
| #endif
| /* end confdefs.h.  */
| /* Define dlopen to an innocuous variant, in case <limits.h> declares dlopen.
|    For example, HP-UX 11i <limits.h> declares gettimeofday.  */
| #define dlopen innocuous_dlopen
| 
| /* System header to define __stub macros and hopefully few prototypes,
|     which can conflict with char dlopen (); below.
|     Prefer <limits.h> to <assert.h> if __STDC__ is defined, since
|     <limits.h> exists even on freestanding compilers.  */
| 
| #ifdef __STDC__
| # include <limits.h>
| #else
| # include <assert.h>
| #endif
| 
| #undef dlopen
| 
| /* Override any gcc2 internal prototype to avoid an error.  */
| #ifdef __cplusplus
| extern "C"
| {
| #endif
| /* We use char because int might match the return type of a gcc2
|    builtin and then its argument prototype would still apply.  */
| char dlopen ();
| /* The GNU C library defines this for functions which it implements
|     to always fail with ENOSYS.  Some functions are actually named
|     something starting with __ and the normal name is an alias.  */
| #if defined (__stub_dlopen) || defined (__stub___dlopen)
| choke me
| #else
| char (*f) () = dlopen;
| #endif
| #ifdef __cplusplus
| }
| #endif
| 
| int
| main ()
| {
| return f != dlopen;
|   ;
|   return 0;
| }
configure:8598: result: no
configure:8603: checking for dlopen in -ldl
configure:8633: gcc -o conftest -g -O2   conftest.c -ldl   >&5
configure:8639: $? = 0
configure:8642: test -z 			 || test ! -s conftest.err
configure:8645: $? = 0
configure:8648: test -s conftest
configure:8651: $? = 0
configure:8664: result: yes
configure:8837: checking whether a program can dlopen itself
configure:8909: gcc -o conftest -g -O2  -DHAVE_DLFCN_H  -Wl,--export-dynamic conftest.c -ldl  >&5
configure: In function 'main':
configure:8905:5: warning: incompatible implicit declaration of built-in function 'exit'
configure:8912: $? = 0
configure:8930: result: yes
configure:8935: checking whether a statically linked program can dlopen itself
configure:9007: gcc -o conftest -g -O2  -DHAVE_DLFCN_H  -Wl,--export-dynamic  conftest.c -ldl  >&5
configure: In function 'main':
configure:9003:5: warning: incompatible implicit declaration of built-in function 'exit'
configure:9010: $? = 0
configure:9028: result: yes
configure:9051: checking if libtool supports shared libraries
configure:9053: result: yes
configure:9056: checking whether to build shared libraries
configure:9114: result: yes
configure:9117: checking whether to build static libraries
configure:9121: result: yes
configure:9213: creating libtool
configure:9760: checking for ld used by g++
configure:9827: result: /usr/bin/ld
configure:9836: checking if the linker (/usr/bin/ld) is GNU ld
configure:9851: result: yes
configure:9902: checking whether the g++ linker (/usr/bin/ld) supports shared libraries
configure:10728: result: yes
configure:10746: g++ -c -g -O2  conftest.cc >&5
configure:10749: $? = 0
configure:10845: checking for g++ option to produce PIC
configure:11097: result: -fPIC
configure:11105: checking if g++ PIC flag -fPIC works
configure:11123: g++ -c -g -O2  -fPIC -DPIC conftest.cc >&5
configure:11127: $? = 0
configure:11138: result: yes
configure:11162: checking if g++ supports -c -o file.o
configure:11183: g++ -c -g -O2  -o out/conftest2.o conftest.cc >&5
configure:11187: $? = 0
configure:11207: result: yes
configure:11233: checking whether the g++ linker (/usr/bin/ld) supports shared libraries
configure:11261: result: yes
configure:11332: checking dynamic linker characteristics
configure:11884: result: GNU/Linux ld.so
configure:11888: checking how to hardcode library paths into programs
configure:11913: result: immediate
configure:11927: checking whether stripping libraries is possible
configure:11932: result: yes
configure:12057: checking for shl_load
configure:12144: result: no
configure:12149: checking for shl_load in -ldld
configure:12210: result: no
configure:12215: checking for dlopen
configure:12302: result: no
configure:12307: checking for dlopen in -ldl
configure:12368: result: yes
configure:12541: checking whether a program can dlopen itself
configure:12634: result: yes
configure:12639: checking whether a statically linked program can dlopen itself
configure:12732: result: yes
configure:19441: checking for the pthreads library -lpthreads
configure:19479: gcc -o conftest -g -O2    conftest.c -lpthreads  >&5
/usr/bin/ld: cannot find -lpthreads
collect2: ld returned 1 exit status
configure:19485: $? = 1
configure: failed program was:
| /* confdefs.h.  */
| 
| #define PACKAGE_NAME ""
| #define PACKAGE_TARNAME ""
| #define PACKAGE_VERSION ""
| #define PACKAGE_STRING ""
| #define PACKAGE_BUGREPORT ""
| #define PACKAGE "partysip"
| #define VERSION "2.2.3"
| #define STDC_HEADERS 1
| #define HAVE_SYS_TYPES_H 1
| #define HAVE_SYS_STAT_H 1
| #define HAVE_STDLIB_H 1
| #define HAVE_STRING_H 1
| #define HAVE_MEMORY_H 1
| #define HAVE_STRINGS_H 1
| #define HAVE_INTTYPES_H 1
| #define HAVE_STDINT_H 1
| #define HAVE_UNISTD_H 1
| #define HAVE_DLFCN_H 1
| #ifdef __cplusplus
| extern "C" void exit (int) throw ();
| #endif
| #define CONFIG_DIR "/usr/local/etc/partysip"
| /* end confdefs.h.  */
| #include <pthread.h>
| int
| main ()
| {
| pthread_t th; pthread_join(th, 0);
|                      pthread_attr_init(0); pthread_cleanup_push(0, 0);
|                      pthread_create(0,0,0,0); pthread_cleanup_pop(0);
|   ;
|   return 0;
| }
configure:19511: result: no
configure:19430: checking whether pthreads work without any flags
configure:19479: gcc -o conftest -g -O2    conftest.c   >&5
/tmp/cc59xJln.o: In function `main':
/home/gongzf/codelab/partysip-2.2.3/conftest.c:30: undefined reference to `pthread_join'
/home/gongzf/codelab/partysip-2.2.3/conftest.c:31: undefined reference to `__pthread_register_cancel'
/home/gongzf/codelab/partysip-2.2.3/conftest.c:32: undefined reference to `pthread_create'
/home/gongzf/codelab/partysip-2.2.3/conftest.c:32: undefined reference to `__pthread_unregister_cancel'
collect2: ld returned 1 exit status
configure:19485: $? = 1
configure: failed program was:
| /* confdefs.h.  */
| 
| #define PACKAGE_NAME ""
| #define PACKAGE_TARNAME ""
| #define PACKAGE_VERSION ""
| #define PACKAGE_STRING ""
| #define PACKAGE_BUGREPORT ""
| #define PACKAGE "partysip"
| #define VERSION "2.2.3"
| #define STDC_HEADERS 1
| #define HAVE_SYS_TYPES_H 1
| #define HAVE_SYS_STAT_H 1
| #define HAVE_STDLIB_H 1
| #define HAVE_STRING_H 1
| #define HAVE_MEMORY_H 1
| #define HAVE_STRINGS_H 1
| #define HAVE_INTTYPES_H 1
| #define HAVE_STDINT_H 1
| #define HAVE_UNISTD_H 1
| #define HAVE_DLFCN_H 1
| #ifdef __cplusplus
| extern "C" void exit (int) throw ();
| #endif
| #define CONFIG_DIR "/usr/local/etc/partysip"
| /* end confdefs.h.  */
| #include <pthread.h>
| int
| main ()
| {
| pthread_t th; pthread_join(th, 0);
|                      pthread_attr_init(0); pthread_cleanup_push(0, 0);
|                      pthread_create(0,0,0,0); pthread_cleanup_pop(0);
|   ;
|   return 0;
| }
configure:19511: result: no
configure:19435: checking whether pthreads work with -Kthread
configure:19479: gcc -o conftest -g -O2 -Kthread   conftest.c   >&5
gcc: unrecognized option '-Kthread'
/tmp/cclmNR2u.o: In function `main':
/home/gongzf/codelab/partysip-2.2.3/conftest.c:30: undefined reference to `pthread_join'
/home/gongzf/codelab/partysip-2.2.3/conftest.c:31: undefined reference to `__pthread_register_cancel'
/home/gongzf/codelab/partysip-2.2.3/conftest.c:32: undefined reference to `pthread_create'
/home/gongzf/codelab/partysip-2.2.3/conftest.c:32: undefined reference to `__pthread_unregister_cancel'
collect2: ld returned 1 exit status
configure:19485: $? = 1
configure: failed program was:
| /* confdefs.h.  */
| 
| #define PACKAGE_NAME ""
| #define PACKAGE_TARNAME ""
| #define PACKAGE_VERSION ""
| #define PACKAGE_STRING ""
| #define PACKAGE_BUGREPORT ""
| #define PACKAGE "partysip"
| #define VERSION "2.2.3"
| #define STDC_HEADERS 1
| #define HAVE_SYS_TYPES_H 1
| #define HAVE_SYS_STAT_H 1
| #define HAVE_STDLIB_H 1
| #define HAVE_STRING_H 1
| #define HAVE_MEMORY_H 1
| #define HAVE_STRINGS_H 1
| #define HAVE_INTTYPES_H 1
| #define HAVE_STDINT_H 1
| #define HAVE_UNISTD_H 1
| #define HAVE_DLFCN_H 1
| #ifdef __cplusplus
| extern "C" void exit (int) throw ();
| #endif
| #define CONFIG_DIR "/usr/local/etc/partysip"
| /* end confdefs.h.  */
| #include <pthread.h>
| int
| main ()
| {
| pthread_t th; pthread_join(th, 0);
|                      pthread_attr_init(0); pthread_cleanup_push(0, 0);
|                      pthread_create(0,0,0,0); pthread_cleanup_pop(0);
|   ;
|   return 0;
| }
configure:19511: result: no
configure:19435: checking whether pthreads work with -kthread
configure:19479: gcc -o conftest -g -O2 -kthread   conftest.c   >&5
gcc: unrecognized option '-kthread'
/tmp/cc1i49qA.o: In function `main':
/home/gongzf/codelab/partysip-2.2.3/conftest.c:30: undefined reference to `pthread_join'
/home/gongzf/codelab/partysip-2.2.3/conftest.c:31: undefined reference to `__pthread_register_cancel'
/home/gongzf/codelab/partysip-2.2.3/conftest.c:32: undefined reference to `pthread_create'
/home/gongzf/codelab/partysip-2.2.3/conftest.c:32: undefined reference to `__pthread_unregister_cancel'
collect2: ld returned 1 exit status
configure:19485: $? = 1
configure: failed program was:
| /* confdefs.h.  */
| 
| #define PACKAGE_NAME ""
| #define PACKAGE_TARNAME ""
| #define PACKAGE_VERSION ""
| #define PACKAGE_STRING ""
| #define PACKAGE_BUGREPORT ""
| #define PACKAGE "partysip"
| #define VERSION "2.2.3"
| #define STDC_HEADERS 1
| #define HAVE_SYS_TYPES_H 1
| #define HAVE_SYS_STAT_H 1
| #define HAVE_STDLIB_H 1
| #define HAVE_STRING_H 1
| #define HAVE_MEMORY_H 1
| #define HAVE_STRINGS_H 1
| #define HAVE_INTTYPES_H 1
| #define HAVE_STDINT_H 1
| #define HAVE_UNISTD_H 1
| #define HAVE_DLFCN_H 1
| #ifdef __cplusplus
| extern "C" void exit (int) throw ();
| #endif
| #define CONFIG_DIR "/usr/local/etc/partysip"
| /* end confdefs.h.  */
| #include <pthread.h>
| int
| main ()
| {
| pthread_t th; pthread_join(th, 0);
|                      pthread_attr_init(0); pthread_cleanup_push(0, 0);
|                      pthread_create(0,0,0,0); pthread_cleanup_pop(0);
|   ;
|   return 0;
| }
configure:19511: result: no
configure:19441: checking for the pthreads library -llthread
configure:19479: gcc -o conftest -g -O2    conftest.c -llthread  >&5
/usr/bin/ld: cannot find -llthread
collect2: ld returned 1 exit status
configure:19485: $? = 1
configure: failed program was:
| /* confdefs.h.  */
| 
| #define PACKAGE_NAME ""
| #define PACKAGE_TARNAME ""
| #define PACKAGE_VERSION ""
| #define PACKAGE_STRING ""
| #define PACKAGE_BUGREPORT ""
| #define PACKAGE "partysip"
| #define VERSION "2.2.3"
| #define STDC_HEADERS 1
| #define HAVE_SYS_TYPES_H 1
| #define HAVE_SYS_STAT_H 1
| #define HAVE_STDLIB_H 1
| #define HAVE_STRING_H 1
| #define HAVE_MEMORY_H 1
| #define HAVE_STRINGS_H 1
| #define HAVE_INTTYPES_H 1
| #define HAVE_STDINT_H 1
| #define HAVE_UNISTD_H 1
| #define HAVE_DLFCN_H 1
| #ifdef __cplusplus
| extern "C" void exit (int) throw ();
| #endif
| #define CONFIG_DIR "/usr/local/etc/partysip"
| /* end confdefs.h.  */
| #include <pthread.h>
| int
| main ()
| {
| pthread_t th; pthread_join(th, 0);
|                      pthread_attr_init(0); pthread_cleanup_push(0, 0);
|                      pthread_create(0,0,0,0); pthread_cleanup_pop(0);
|   ;
|   return 0;
| }
configure:19511: result: no
configure:19435: checking whether pthreads work with -pthread
configure:19479: gcc -o conftest -g -O2 -pthread   conftest.c   >&5
configure:19485: $? = 0
configure:19488: test -z 			 || test ! -s conftest.err
configure:19491: $? = 0
configure:19494: test -s conftest
configure:19497: $? = 0
configure:19511: result: yes
configure:19531: checking for joinable pthread attribute
configure:19549: gcc -o conftest -g -O2 -pthread   conftest.c   >&5
configure:19555: $? = 0
configure:19558: test -z 			 || test ! -s conftest.err
configure:19561: $? = 0
configure:19564: test -s conftest
configure:19567: $? = 0
configure:19632: result: PTHREAD_CREATE_JOINABLE
configure:19639: checking if more special flags are required for pthreads
configure:19646: result: no
configure:19658: checking for cc_r
configure:19685: result: gcc
configure:20053: checking semaphore.h usability
configure:20065: gcc -c -g -O2  conftest.c >&5
configure:20071: $? = 0
configure:20074: test -z 			 || test ! -s conftest.err
configure:20077: $? = 0
configure:20080: test -s conftest.o
configure:20083: $? = 0
configure:20093: result: yes
configure:20097: checking semaphore.h presence
configure:20107: gcc -E  conftest.c
configure:20113: $? = 0
configure:20133: result: yes
configure:20168: checking for semaphore.h
configure:20175: result: yes
configure:20202: checking sys/sem.h usability
configure:20214: gcc -c -g -O2  conftest.c >&5
configure:20220: $? = 0
configure:20223: test -z 			 || test ! -s conftest.err
configure:20226: $? = 0
configure:20229: test -s conftest.o
configure:20232: $? = 0
configure:20242: result: yes
configure:20246: checking sys/sem.h presence
configure:20256: gcc -E  conftest.c
configure:20262: $? = 0
configure:20282: result: yes
configure:20317: checking for sys/sem.h
configure:20324: result: yes
configure:20456: gcc -c -g -O2  conftest.c >&5
configure:20462: $? = 0
configure:20465: test -z 			 || test ! -s conftest.err
configure:20468: $? = 0
configure:20471: test -s conftest.o
configure:20474: $? = 0
configure:20493: checking whether system defines INADDR_NONE
configure:20495: result: yes
configure:20498: checking for res_query in -lresolv
configure:20528: gcc -o conftest -g -O2   conftest.c -lresolv   >&5
configure:20534: $? = 0
configure:20537: test -z 			 || test ! -s conftest.err
configure:20540: $? = 0
configure:20543: test -s conftest
configure:20546: $? = 0
configure:20559: result: yes
configure:20565: checking for res_query in -lresolv
configure:20626: result: yes
configure:22955: checking for sem_open in -lposix4
configure:22985: gcc -o conftest -g    conftest.c -lposix4   >&5
/usr/bin/ld: cannot find -lposix4
collect2: ld returned 1 exit status
configure:22991: $? = 1
configure: failed program was:
| /* confdefs.h.  */
| 
| #define PACKAGE_NAME ""
| #define PACKAGE_TARNAME ""
| #define PACKAGE_VERSION ""
| #define PACKAGE_STRING ""
| #define PACKAGE_BUGREPORT ""
| #define PACKAGE "partysip"
| #define VERSION "2.2.3"
| #define STDC_HEADERS 1
| #define HAVE_SYS_TYPES_H 1
| #define HAVE_SYS_STAT_H 1
| #define HAVE_STDLIB_H 1
| #define HAVE_STRING_H 1
| #define HAVE_MEMORY_H 1
| #define HAVE_STRINGS_H 1
| #define HAVE_INTTYPES_H 1
| #define HAVE_STDINT_H 1
| #define HAVE_UNISTD_H 1
| #define HAVE_DLFCN_H 1
| #ifdef __cplusplus
| extern "C" void exit (int) throw ();
| #endif
| #define CONFIG_DIR "/usr/local/etc/partysip"
| #define HAVE_PTHREAD 1
| #define HAVE_SEMAPHORE_H 1
| #define HAVE_SYS_SEM_H 1
| /* end confdefs.h.  */
| 
| /* Override any gcc2 internal prototype to avoid an error.  */
| #ifdef __cplusplus
| extern "C"
| #endif
| /* We use char because int might match the return type of a gcc2
|    builtin and then its argument prototype would still apply.  */
| char sem_open ();
| int
| main ()
| {
| sem_open ();
|   ;
|   return 0;
| }
configure:23016: result: no
configure:23022: checking for sem_open in -lposix4
configure:23083: result: no
configure:23089: checking for nis_add in -lnsl
configure:23119: gcc -o conftest -g    conftest.c -lnsl   >&5
configure:23125: $? = 0
configure:23128: test -z 			 || test ! -s conftest.err
configure:23131: $? = 0
configure:23134: test -s conftest
configure:23137: $? = 0
configure:23150: result: yes
configure:23156: checking for nis_add in -lnsl
configure:23217: result: yes
configure:23223: checking for sendto in -lsocket
configure:23253: gcc -o conftest -g    conftest.c -lsocket   >&5
/usr/bin/ld: cannot find -lsocket
collect2: ld returned 1 exit status
configure:23259: $? = 1
configure: failed program was:
| /* confdefs.h.  */
| 
| #define PACKAGE_NAME ""
| #define PACKAGE_TARNAME ""
| #define PACKAGE_VERSION ""
| #define PACKAGE_STRING ""
| #define PACKAGE_BUGREPORT ""
| #define PACKAGE "partysip"
| #define VERSION "2.2.3"
| #define STDC_HEADERS 1
| #define HAVE_SYS_TYPES_H 1
| #define HAVE_SYS_STAT_H 1
| #define HAVE_STDLIB_H 1
| #define HAVE_STRING_H 1
| #define HAVE_MEMORY_H 1
| #define HAVE_STRINGS_H 1
| #define HAVE_INTTYPES_H 1
| #define HAVE_STDINT_H 1
| #define HAVE_UNISTD_H 1
| #define HAVE_DLFCN_H 1
| #ifdef __cplusplus
| extern "C" void exit (int) throw ();
| #endif
| #define CONFIG_DIR "/usr/local/etc/partysip"
| #define HAVE_PTHREAD 1
| #define HAVE_SEMAPHORE_H 1
| #define HAVE_SYS_SEM_H 1
| /* end confdefs.h.  */
| 
| /* Override any gcc2 internal prototype to avoid an error.  */
| #ifdef __cplusplus
| extern "C"
| #endif
| /* We use char because int might match the return type of a gcc2
|    builtin and then its argument prototype would still apply.  */
| char sendto ();
| int
| main ()
| {
| sendto ();
|   ;
|   return 0;
| }
configure:23284: result: no
configure:23290: checking for sendto in -lsocket
configure:23351: result: no
configure:23357: checking for sendto in -ldl
configure:23387: gcc -o conftest -g    conftest.c -ldl   >&5
configure:23393: $? = 0
configure:23396: test -z 			 || test ! -s conftest.err
configure:23399: $? = 0
configure:23402: test -s conftest
configure:23405: $? = 0
configure:23418: result: yes
configure:23424: checking for sendto in -ldl
configure:23485: result: yes
configure:23492: checking whether -Wall works
configure:23516: gcc -c -g  -Wall conftest.c >&5
configure:23522: $? = 0
configure:23525: test -z 			 || test ! -s conftest.err
configure:23528: $? = 0
configure:23531: test -s conftest.o
configure:23534: $? = 0
configure:23547: result: yes
configure:23554: checking whether -Wcast-align works
configure:23578: gcc -c -g  -Wcast-align conftest.c >&5
configure:23584: $? = 0
configure:23587: test -z 			 || test ! -s conftest.err
configure:23590: $? = 0
configure:23593: test -s conftest.o
configure:23596: $? = 0
configure:23609: result: yes
configure:23616: checking whether -Wchar-subscripts works
configure:23640: gcc -c -g  -Wchar-subscripts conftest.c >&5
configure:23646: $? = 0
configure:23649: test -z 			 || test ! -s conftest.err
configure:23652: $? = 0
configure:23655: test -s conftest.o
configure:23658: $? = 0
configure:23671: result: yes
configure:23678: checking whether -Wformat works
configure:23702: gcc -c -g  -Wformat conftest.c >&5
configure:23708: $? = 0
configure:23711: test -z 			 || test ! -s conftest.err
configure:23714: $? = 0
configure:23717: test -s conftest.o
configure:23720: $? = 0
configure:23733: result: yes
configure:23740: checking whether -Winline works
configure:23764: gcc -c -g  -Winline conftest.c >&5
configure:23770: $? = 0
configure:23773: test -z 			 || test ! -s conftest.err
configure:23776: $? = 0
configure:23779: test -s conftest.o
configure:23782: $? = 0
configure:23795: result: yes
configure:23802: checking whether -Wmissing-declarations works
configure:23826: gcc -c -g  -Wmissing-declarations conftest.c >&5
configure:23832: $? = 0
configure:23835: test -z 			 || test ! -s conftest.err
configure:23838: $? = 0
configure:23841: test -s conftest.o
configure:23844: $? = 0
configure:23857: result: yes
configure:23864: checking whether -Wmissing-prototypes works
configure:23888: gcc -c -g  -Wmissing-prototypes conftest.c >&5
configure:23894: $? = 0
configure:23897: test -z 			 || test ! -s conftest.err
configure:23900: $? = 0
configure:23903: test -s conftest.o
configure:23906: $? = 0
configure:23919: result: yes
configure:23926: checking whether -Wnested-externs works
configure:23950: gcc -c -g  -Wnested-externs conftest.c >&5
configure:23956: $? = 0
configure:23959: test -z 			 || test ! -s conftest.err
configure:23962: $? = 0
configure:23965: test -s conftest.o
configure:23968: $? = 0
configure:23981: result: yes
configure:23988: checking whether -Wpointer-arith works
configure:24012: gcc -c -g  -Wpointer-arith conftest.c >&5
configure:24018: $? = 0
configure:24021: test -z 			 || test ! -s conftest.err
configure:24024: $? = 0
configure:24027: test -s conftest.o
configure:24030: $? = 0
configure:24043: result: yes
configure:24056: checking for ANSI C header files
configure:24211: result: yes
configure:24235: checking ctype.h usability
configure:24247: gcc -c -g   -Wall -Wcast-align -Wchar-subscripts -Wformat -Winline -Wmissing-declarations -Wmissing-prototypes -Wnested-externs -Wpointer-arith conftest.c >&5
configure:24253: $? = 0
configure:24256: test -z 			 || test ! -s conftest.err
configure:24259: $? = 0
configure:24262: test -s conftest.o
configure:24265: $? = 0
configure:24275: result: yes
configure:24279: checking ctype.h presence
configure:24289: gcc -E  -Wall -Wcast-align -Wchar-subscripts -Wformat -Winline -Wmissing-declarations -Wmissing-prototypes -Wnested-externs -Wpointer-arith conftest.c
configure:24295: $? = 0
configure:24315: result: yes
configure:24350: checking for ctype.h
configure:24357: result: yes
configure:24375: checking for string.h
configure:24380: result: yes
configure:24524: checking for strings.h
configure:24529: result: yes
configure:24682: checking stdio.h usability
configure:24694: gcc -c -g   -Wall -Wcast-align -Wchar-subscripts -Wformat -Winline -Wmissing-declarations -Wmissing-prototypes -Wnested-externs -Wpointer-arith conftest.c >&5
configure:24700: $? = 0
configure:24703: test -z 			 || test ! -s conftest.err
configure:24706: $? = 0
configure:24709: test -s conftest.o
configure:24712: $? = 0
configure:24722: result: yes
configure:24726: checking stdio.h presence
configure:24736: gcc -E  -Wall -Wcast-align -Wchar-subscripts -Wformat -Winline -Wmissing-declarations -Wmissing-prototypes -Wnested-externs -Wpointer-arith conftest.c
configure:24742: $? = 0
configure:24762: result: yes
configure:24797: checking for stdio.h
configure:24804: result: yes
configure:24822: checking for stdlib.h
configure:24827: result: yes
configure:24971: checking for unistd.h
configure:24976: result: yes
configure:25130: checking sys/unistd.h usability
configure:25142: gcc -c -g   -Wall -Wcast-align -Wchar-subscripts -Wformat -Winline -Wmissing-declarations -Wmissing-prototypes -Wnested-externs -Wpointer-arith conftest.c >&5
configure:25148: $? = 0
configure:25151: test -z 			 || test ! -s conftest.err
configure:25154: $? = 0
configure:25157: test -s conftest.o
configure:25160: $? = 0
configure:25170: result: yes
configure:25174: checking sys/unistd.h presence
configure:25184: gcc -E  -Wall -Wcast-align -Wchar-subscripts -Wformat -Winline -Wmissing-declarations -Wmissing-prototypes -Wnested-externs -Wpointer-arith conftest.c
configure:25190: $? = 0
configure:25210: result: yes
configure:25245: checking for sys/unistd.h
configure:25252: result: yes
configure:25279: checking stdarg.h usability
configure:25291: gcc -c -g   -Wall -Wcast-align -Wchar-subscripts -Wformat -Winline -Wmissing-declarations -Wmissing-prototypes -Wnested-externs -Wpointer-arith conftest.c >&5
configure:25297: $? = 0
configure:25300: test -z 			 || test ! -s conftest.err
configure:25303: $? = 0
configure:25306: test -s conftest.o
configure:25309: $? = 0
configure:25319: result: yes
configure:25323: checking stdarg.h presence
configure:25333: gcc -E  -Wall -Wcast-align -Wchar-subscripts -Wformat -Winline -Wmissing-declarations -Wmissing-prototypes -Wnested-externs -Wpointer-arith conftest.c
configure:25339: $? = 0
configure:25359: result: yes
configure:25394: checking for stdarg.h
configure:25401: result: yes
configure:25428: checking varargs.h usability
configure:25440: gcc -c -g   -Wall -Wcast-align -Wchar-subscripts -Wformat -Winline -Wmissing-declarations -Wmissing-prototypes -Wnested-externs -Wpointer-arith conftest.c >&5
In file included from conftest.c:72:0:
/usr/lib/i386-linux-gnu/gcc/i686-linux-gnu/4.5.2/include/varargs.h:4:2: error: #error "GCC no longer implements <varargs.h>."
/usr/lib/i386-linux-gnu/gcc/i686-linux-gnu/4.5.2/include/varargs.h:5:2: error: #error "Revise your code to use <stdarg.h>."
configure:25446: $? = 1
configure: failed program was:
| /* confdefs.h.  */
| 
| #define PACKAGE_NAME ""
| #define PACKAGE_TARNAME ""
| #define PACKAGE_VERSION ""
| #define PACKAGE_STRING ""
| #define PACKAGE_BUGREPORT ""
| #define PACKAGE "partysip"
| #define VERSION "2.2.3"
| #define STDC_HEADERS 1
| #define HAVE_SYS_TYPES_H 1
| #define HAVE_SYS_STAT_H 1
| #define HAVE_STDLIB_H 1
| #define HAVE_STRING_H 1
| #define HAVE_MEMORY_H 1
| #define HAVE_STRINGS_H 1
| #define HAVE_INTTYPES_H 1
| #define HAVE_STDINT_H 1
| #define HAVE_UNISTD_H 1
| #define HAVE_DLFCN_H 1
| #ifdef __cplusplus
| extern "C" void exit (int) throw ();
| #endif
| #define CONFIG_DIR "/usr/local/etc/partysip"
| #define HAVE_PTHREAD 1
| #define HAVE_SEMAPHORE_H 1
| #define HAVE_SYS_SEM_H 1
| #define STDC_HEADERS 1
| #define HAVE_CTYPE_H 1
| #define HAVE_STRING_H 1
| #define HAVE_STRINGS_H 1
| #define HAVE_STDIO_H 1
| #define HAVE_STDLIB_H 1
| #define HAVE_UNISTD_H 1
| #define HAVE_SYS_UNISTD_H 1
| #define HAVE_STDARG_H 1
| /* end confdefs.h.  */
| #include <stdio.h>
| #if HAVE_SYS_TYPES_H
| # include <sys/types.h>
| #endif
| #if HAVE_SYS_STAT_H
| # include <sys/stat.h>
| #endif
| #if STDC_HEADERS
| # include <stdlib.h>
| # include <stddef.h>
| #else
| # if HAVE_STDLIB_H
| #  include <stdlib.h>
| # endif
| #endif
| #if HAVE_STRING_H
| # if !STDC_HEADERS && HAVE_MEMORY_H
| #  include <memory.h>
| # endif
| # include <string.h>
| #endif
| #if HAVE_STRINGS_H
| # include <strings.h>
| #endif
| #if HAVE_INTTYPES_H
| # include <inttypes.h>
| #else
| # if HAVE_STDINT_H
| #  include <stdint.h>
| # endif
| #endif
| #if HAVE_UNISTD_H
| # include <unistd.h>
| #endif
| #include <varargs.h>
configure:25468: result: no
configure:25472: checking varargs.h presence
configure:25482: gcc -E  -Wall -Wcast-align -Wchar-subscripts -Wformat -Winline -Wmissing-declarations -Wmissing-prototypes -Wnested-externs -Wpointer-arith conftest.c
In file included from conftest.c:38:0:
/usr/lib/i386-linux-gnu/gcc/i686-linux-gnu/4.5.2/include/varargs.h:4:2: error: #error "GCC no longer implements <varargs.h>."
/usr/lib/i386-linux-gnu/gcc/i686-linux-gnu/4.5.2/include/varargs.h:5:2: error: #error "Revise your code to use <stdarg.h>."
configure:25488: $? = 1
configure: failed program was:
| /* confdefs.h.  */
| 
| #define PACKAGE_NAME ""
| #define PACKAGE_TARNAME ""
| #define PACKAGE_VERSION ""
| #define PACKAGE_STRING ""
| #define PACKAGE_BUGREPORT ""
| #define PACKAGE "partysip"
| #define VERSION "2.2.3"
| #define STDC_HEADERS 1
| #define HAVE_SYS_TYPES_H 1
| #define HAVE_SYS_STAT_H 1
| #define HAVE_STDLIB_H 1
| #define HAVE_STRING_H 1
| #define HAVE_MEMORY_H 1
| #define HAVE_STRINGS_H 1
| #define HAVE_INTTYPES_H 1
| #define HAVE_STDINT_H 1
| #define HAVE_UNISTD_H 1
| #define HAVE_DLFCN_H 1
| #ifdef __cplusplus
| extern "C" void exit (int) throw ();
| #endif
| #define CONFIG_DIR "/usr/local/etc/partysip"
| #define HAVE_PTHREAD 1
| #define HAVE_SEMAPHORE_H 1
| #define HAVE_SYS_SEM_H 1
| #define STDC_HEADERS 1
| #define HAVE_CTYPE_H 1
| #define HAVE_STRING_H 1
| #define HAVE_STRINGS_H 1
| #define HAVE_STDIO_H 1
| #define HAVE_STDLIB_H 1
| #define HAVE_UNISTD_H 1
| #define HAVE_SYS_UNISTD_H 1
| #define HAVE_STDARG_H 1
| /* end confdefs.h.  */
| #include <varargs.h>
configure:25508: result: no
configure:25543: checking for varargs.h
configure:25550: result: no
configure:25577: checking fcntl.h usability
configure:25589: gcc -c -g   -Wall -Wcast-align -Wchar-subscripts -Wformat -Winline -Wmissing-declarations -Wmissing-prototypes -Wnested-externs -Wpointer-arith conftest.c >&5
configure:25595: $? = 0
configure:25598: test -z 			 || test ! -s conftest.err
configure:25601: $? = 0
configure:25604: test -s conftest.o
configure:25607: $? = 0
configure:25617: result: yes
configure:25621: checking fcntl.h presence
configure:25631: gcc -E  -Wall -Wcast-align -Wchar-subscripts -Wformat -Winline -Wmissing-declarations -Wmissing-prototypes -Wnested-externs -Wpointer-arith conftest.c
configure:25637: $? = 0
configure:25657: result: yes
configure:25692: checking for fcntl.h
configure:25699: result: yes
configure:25726: checking sys/time.h usability
configure:25738: gcc -c -g   -Wall -Wcast-align -Wchar-subscripts -Wformat -Winline -Wmissing-declarations -Wmissing-prototypes -Wnested-externs -Wpointer-arith conftest.c >&5
configure:25744: $? = 0
configure:25747: test -z 			 || test ! -s conftest.err
configure:25750: $? = 0
configure:25753: test -s conftest.o
configure:25756: $? = 0
configure:25766: result: yes
configure:25770: checking sys/time.h presence
configure:25780: gcc -E  -Wall -Wcast-align -Wchar-subscripts -Wformat -Winline -Wmissing-declarations -Wmissing-prototypes -Wnested-externs -Wpointer-arith conftest.c
configure:25786: $? = 0
configure:25806: result: yes
configure:25841: checking for sys/time.h
configure:25848: result: yes
configure:25875: checking time.h usability
configure:25887: gcc -c -g   -Wall -Wcast-align -Wchar-subscripts -Wformat -Winline -Wmissing-declarations -Wmissing-prototypes -Wnested-externs -Wpointer-arith conftest.c >&5
configure:25893: $? = 0
configure:25896: test -z 			 || test ! -s conftest.err
configure:25899: $? = 0
configure:25902: test -s conftest.o
configure:25905: $? = 0
configure:25915: result: yes
configure:25919: checking time.h presence
configure:25929: gcc -E  -Wall -Wcast-align -Wchar-subscripts -Wformat -Winline -Wmissing-declarations -Wmissing-prototypes -Wnested-externs -Wpointer-arith conftest.c
configure:25935: $? = 0
configure:25955: result: yes
configure:25990: checking for time.h
configure:25997: result: yes
configure:26024: checking assert.h usability
configure:26036: gcc -c -g   -Wall -Wcast-align -Wchar-subscripts -Wformat -Winline -Wmissing-declarations -Wmissing-prototypes -Wnested-externs -Wpointer-arith conftest.c >&5
configure:26042: $? = 0
configure:26045: test -z 			 || test ! -s conftest.err
configure:26048: $? = 0
configure:26051: test -s conftest.o
configure:26054: $? = 0
configure:26064: result: yes
configure:26068: checking assert.h presence
configure:26078: gcc -E  -Wall -Wcast-align -Wchar-subscripts -Wformat -Winline -Wmissing-declarations -Wmissing-prototypes -Wnested-externs -Wpointer-arith conftest.c
configure:26084: $? = 0
configure:26104: result: yes
configure:26139: checking for assert.h
configure:26146: result: yes
configure:26173: checking signal.h usability
configure:26185: gcc -c -g   -Wall -Wcast-align -Wchar-subscripts -Wformat -Winline -Wmissing-declarations -Wmissing-prototypes -Wnested-externs -Wpointer-arith conftest.c >&5
configure:26191: $? = 0
configure:26194: test -z 			 || test ! -s conftest.err
configure:26197: $? = 0
configure:26200: test -s conftest.o
configure:26203: $? = 0
configure:26213: result: yes
configure:26217: checking signal.h presence
configure:26227: gcc -E  -Wall -Wcast-align -Wchar-subscripts -Wformat -Winline -Wmissing-declarations -Wmissing-prototypes -Wnested-externs -Wpointer-arith conftest.c
configure:26233: $? = 0
configure:26253: result: yes
configure:26288: checking for signal.h
configure:26295: result: yes
configure:26322: checking sys/signal.h usability
configure:26334: gcc -c -g   -Wall -Wcast-align -Wchar-subscripts -Wformat -Winline -Wmissing-declarations -Wmissing-prototypes -Wnested-externs -Wpointer-arith conftest.c >&5
configure:26340: $? = 0
configure:26343: test -z 			 || test ! -s conftest.err
configure:26346: $? = 0
configure:26349: test -s conftest.o
configure:26352: $? = 0
configure:26362: result: yes
configure:26366: checking sys/signal.h presence
configure:26376: gcc -E  -Wall -Wcast-align -Wchar-subscripts -Wformat -Winline -Wmissing-declarations -Wmissing-prototypes -Wnested-externs -Wpointer-arith conftest.c
configure:26382: $? = 0
configure:26402: result: yes
configure:26437: checking for sys/signal.h
configure:26444: result: yes
configure:26471: checking malloc.h usability
configure:26483: gcc -c -g   -Wall -Wcast-align -Wchar-subscripts -Wformat -Winline -Wmissing-declarations -Wmissing-prototypes -Wnested-externs -Wpointer-arith conftest.c >&5
configure:26489: $? = 0
configure:26492: test -z 			 || test ! -s conftest.err
configure:26495: $? = 0
configure:26498: test -s conftest.o
configure:26501: $? = 0
configure:26511: result: yes
configure:26515: checking malloc.h presence
configure:26525: gcc -E  -Wall -Wcast-align -Wchar-subscripts -Wformat -Winline -Wmissing-declarations -Wmissing-prototypes -Wnested-externs -Wpointer-arith conftest.c
configure:26531: $? = 0
configure:26551: result: yes
configure:26586: checking for malloc.h
configure:26593: result: yes
configure:26620: checking sys/socket.h usability
configure:26632: gcc -c -g   -Wall -Wcast-align -Wchar-subscripts -Wformat -Winline -Wmissing-declarations -Wmissing-prototypes -Wnested-externs -Wpointer-arith conftest.c >&5
configure:26638: $? = 0
configure:26641: test -z 			 || test ! -s conftest.err
configure:26644: $? = 0
configure:26647: test -s conftest.o
configure:26650: $? = 0
configure:26660: result: yes
configure:26664: checking sys/socket.h presence
configure:26674: gcc -E  -Wall -Wcast-align -Wchar-subscripts -Wformat -Winline -Wmissing-declarations -Wmissing-prototypes -Wnested-externs -Wpointer-arith conftest.c
configure:26680: $? = 0
configure:26700: result: yes
configure:26735: checking for sys/socket.h
configure:26742: result: yes
configure:26769: checking arpa/inet.h usability
configure:26781: gcc -c -g   -Wall -Wcast-align -Wchar-subscripts -Wformat -Winline -Wmissing-declarations -Wmissing-prototypes -Wnested-externs -Wpointer-arith conftest.c >&5
configure:26787: $? = 0
configure:26790: test -z 			 || test ! -s conftest.err
configure:26793: $? = 0
configure:26796: test -s conftest.o
configure:26799: $? = 0
configure:26809: result: yes
configure:26813: checking arpa/inet.h presence
configure:26823: gcc -E  -Wall -Wcast-align -Wchar-subscripts -Wformat -Winline -Wmissing-declarations -Wmissing-prototypes -Wnested-externs -Wpointer-arith conftest.c
configure:26829: $? = 0
configure:26849: result: yes
configure:26884: checking for arpa/inet.h
configure:26891: result: yes
configure:26918: checking netinet/in.h usability
configure:26930: gcc -c -g   -Wall -Wcast-align -Wchar-subscripts -Wformat -Winline -Wmissing-declarations -Wmissing-prototypes -Wnested-externs -Wpointer-arith conftest.c >&5
configure:26936: $? = 0
configure:26939: test -z 			 || test ! -s conftest.err
configure:26942: $? = 0
configure:26945: test -s conftest.o
configure:26948: $? = 0
configure:26958: result: yes
configure:26962: checking netinet/in.h presence
configure:26972: gcc -E  -Wall -Wcast-align -Wchar-subscripts -Wformat -Winline -Wmissing-declarations -Wmissing-prototypes -Wnested-externs -Wpointer-arith conftest.c
configure:26978: $? = 0
configure:26998: result: yes
configure:27033: checking for netinet/in.h
configure:27040: result: yes
configure:27067: checking netdb.h usability
configure:27079: gcc -c -g   -Wall -Wcast-align -Wchar-subscripts -Wformat -Winline -Wmissing-declarations -Wmissing-prototypes -Wnested-externs -Wpointer-arith conftest.c >&5
configure:27085: $? = 0
configure:27088: test -z 			 || test ! -s conftest.err
configure:27091: $? = 0
configure:27094: test -s conftest.o
configure:27097: $? = 0
configure:27107: result: yes
configure:27111: checking netdb.h presence
configure:27121: gcc -E  -Wall -Wcast-align -Wchar-subscripts -Wformat -Winline -Wmissing-declarations -Wmissing-prototypes -Wnested-externs -Wpointer-arith conftest.c
configure:27127: $? = 0
configure:27147: result: yes
configure:27182: checking for netdb.h
configure:27189: result: yes
configure:27207: checking for sys/types.h
configure:27212: result: yes
configure:27365: checking sys/un.h usability
configure:27377: gcc -c -g   -Wall -Wcast-align -Wchar-subscripts -Wformat -Winline -Wmissing-declarations -Wmissing-prototypes -Wnested-externs -Wpointer-arith conftest.c >&5
configure:27383: $? = 0
configure:27386: test -z 			 || test ! -s conftest.err
configure:27389: $? = 0
configure:27392: test -s conftest.o
configure:27395: $? = 0
configure:27405: result: yes
configure:27409: checking sys/un.h presence
configure:27419: gcc -E  -Wall -Wcast-align -Wchar-subscripts -Wformat -Winline -Wmissing-declarations -Wmissing-prototypes -Wnested-externs -Wpointer-arith conftest.c
configure:27425: $? = 0
configure:27445: result: yes
configure:27480: checking for sys/un.h
configure:27487: result: yes
configure:27505: checking for dlfcn.h
configure:27510: result: yes
configure:27663: checking dl.h usability
configure:27675: gcc -c -g   -Wall -Wcast-align -Wchar-subscripts -Wformat -Winline -Wmissing-declarations -Wmissing-prototypes -Wnested-externs -Wpointer-arith conftest.c >&5
conftest.c:86:16: fatal error: dl.h: No such file or directory
compilation terminated.
configure:27681: $? = 1
configure: failed program was:
| /* confdefs.h.  */
| 
| #define PACKAGE_NAME ""
| #define PACKAGE_TARNAME ""
| #define PACKAGE_VERSION ""
| #define PACKAGE_STRING ""
| #define PACKAGE_BUGREPORT ""
| #define PACKAGE "partysip"
| #define VERSION "2.2.3"
| #define STDC_HEADERS 1
| #define HAVE_SYS_TYPES_H 1
| #define HAVE_SYS_STAT_H 1
| #define HAVE_STDLIB_H 1
| #define HAVE_STRING_H 1
| #define HAVE_MEMORY_H 1
| #define HAVE_STRINGS_H 1
| #define HAVE_INTTYPES_H 1
| #define HAVE_STDINT_H 1
| #define HAVE_UNISTD_H 1
| #define HAVE_DLFCN_H 1
| #ifdef __cplusplus
| extern "C" void exit (int) throw ();
| #endif
| #define CONFIG_DIR "/usr/local/etc/partysip"
| #define HAVE_PTHREAD 1
| #define HAVE_SEMAPHORE_H 1
| #define HAVE_SYS_SEM_H 1
| #define STDC_HEADERS 1
| #define HAVE_CTYPE_H 1
| #define HAVE_STRING_H 1
| #define HAVE_STRINGS_H 1
| #define HAVE_STDIO_H 1
| #define HAVE_STDLIB_H 1
| #define HAVE_UNISTD_H 1
| #define HAVE_SYS_UNISTD_H 1
| #define HAVE_STDARG_H 1
| #define HAVE_FCNTL_H 1
| #define HAVE_SYS_TIME_H 1
| #define HAVE_TIME_H 1
| #define HAVE_ASSERT_H 1
| #define HAVE_SIGNAL_H 1
| #define HAVE_SYS_SIGNAL_H 1
| #define HAVE_MALLOC_H 1
| #define HAVE_SYS_SOCKET_H 1
| #define HAVE_ARPA_INET_H 1
| #define HAVE_NETINET_IN_H 1
| #define HAVE_NETDB_H 1
| #define HAVE_SYS_TYPES_H 1
| #define HAVE_SYS_UN_H 1
| #define HAVE_DLFCN_H 1
| /* end confdefs.h.  */
| #include <stdio.h>
| #if HAVE_SYS_TYPES_H
| # include <sys/types.h>
| #endif
| #if HAVE_SYS_STAT_H
| # include <sys/stat.h>
| #endif
| #if STDC_HEADERS
| # include <stdlib.h>
| # include <stddef.h>
| #else
| # if HAVE_STDLIB_H
| #  include <stdlib.h>
| # endif
| #endif
| #if HAVE_STRING_H
| # if !STDC_HEADERS && HAVE_MEMORY_H
| #  include <memory.h>
| # endif
| # include <string.h>
| #endif
| #if HAVE_STRINGS_H
| # include <strings.h>
| #endif
| #if HAVE_INTTYPES_H
| # include <inttypes.h>
| #else
| # if HAVE_STDINT_H
| #  include <stdint.h>
| # endif
| #endif
| #if HAVE_UNISTD_H
| # include <unistd.h>
| #endif
| #include <dl.h>
configure:27703: result: no
configure:27707: checking dl.h presence
configure:27717: gcc -E  -Wall -Wcast-align -Wchar-subscripts -Wformat -Winline -Wmissing-declarations -Wmissing-prototypes -Wnested-externs -Wpointer-arith conftest.c
conftest.c:52:16: fatal error: dl.h: No such file or directory
compilation terminated.
configure:27723: $? = 1
configure: failed program was:
| /* confdefs.h.  */
| 
| #define PACKAGE_NAME ""
| #define PACKAGE_TARNAME ""
| #define PACKAGE_VERSION ""
| #define PACKAGE_STRING ""
| #define PACKAGE_BUGREPORT ""
| #define PACKAGE "partysip"
| #define VERSION "2.2.3"
| #define STDC_HEADERS 1
| #define HAVE_SYS_TYPES_H 1
| #define HAVE_SYS_STAT_H 1
| #define HAVE_STDLIB_H 1
| #define HAVE_STRING_H 1
| #define HAVE_MEMORY_H 1
| #define HAVE_STRINGS_H 1
| #define HAVE_INTTYPES_H 1
| #define HAVE_STDINT_H 1
| #define HAVE_UNISTD_H 1
| #define HAVE_DLFCN_H 1
| #ifdef __cplusplus
| extern "C" void exit (int) throw ();
| #endif
| #define CONFIG_DIR "/usr/local/etc/partysip"
| #define HAVE_PTHREAD 1
| #define HAVE_SEMAPHORE_H 1
| #define HAVE_SYS_SEM_H 1
| #define STDC_HEADERS 1
| #define HAVE_CTYPE_H 1
| #define HAVE_STRING_H 1
| #define HAVE_STRINGS_H 1
| #define HAVE_STDIO_H 1
| #define HAVE_STDLIB_H 1
| #define HAVE_UNISTD_H 1
| #define HAVE_SYS_UNISTD_H 1
| #define HAVE_STDARG_H 1
| #define HAVE_FCNTL_H 1
| #define HAVE_SYS_TIME_H 1
| #define HAVE_TIME_H 1
| #define HAVE_ASSERT_H 1
| #define HAVE_SIGNAL_H 1
| #define HAVE_SYS_SIGNAL_H 1
| #define HAVE_MALLOC_H 1
| #define HAVE_SYS_SOCKET_H 1
| #define HAVE_ARPA_INET_H 1
| #define HAVE_NETINET_IN_H 1
| #define HAVE_NETDB_H 1
| #define HAVE_SYS_TYPES_H 1
| #define HAVE_SYS_UN_H 1
| #define HAVE_DLFCN_H 1
| /* end confdefs.h.  */
| #include <dl.h>
configure:27743: result: no
configure:27778: checking for dl.h
configure:27785: result: no
configure:27812: checking mach-o/dyld.h usability
configure:27824: gcc -c -g   -Wall -Wcast-align -Wchar-subscripts -Wformat -Winline -Wmissing-declarations -Wmissing-prototypes -Wnested-externs -Wpointer-arith conftest.c >&5
conftest.c:86:25: fatal error: mach-o/dyld.h: No such file or directory
compilation terminated.
configure:27830: $? = 1
configure: failed program was:
| /* confdefs.h.  */
| 
| #define PACKAGE_NAME ""
| #define PACKAGE_TARNAME ""
| #define PACKAGE_VERSION ""
| #define PACKAGE_STRING ""
| #define PACKAGE_BUGREPORT ""
| #define PACKAGE "partysip"
| #define VERSION "2.2.3"
| #define STDC_HEADERS 1
| #define HAVE_SYS_TYPES_H 1
| #define HAVE_SYS_STAT_H 1
| #define HAVE_STDLIB_H 1
| #define HAVE_STRING_H 1
| #define HAVE_MEMORY_H 1
| #define HAVE_STRINGS_H 1
| #define HAVE_INTTYPES_H 1
| #define HAVE_STDINT_H 1
| #define HAVE_UNISTD_H 1
| #define HAVE_DLFCN_H 1
| #ifdef __cplusplus
| extern "C" void exit (int) throw ();
| #endif
| #define CONFIG_DIR "/usr/local/etc/partysip"
| #define HAVE_PTHREAD 1
| #define HAVE_SEMAPHORE_H 1
| #define HAVE_SYS_SEM_H 1
| #define STDC_HEADERS 1
| #define HAVE_CTYPE_H 1
| #define HAVE_STRING_H 1
| #define HAVE_STRINGS_H 1
| #define HAVE_STDIO_H 1
| #define HAVE_STDLIB_H 1
| #define HAVE_UNISTD_H 1
| #define HAVE_SYS_UNISTD_H 1
| #define HAVE_STDARG_H 1
| #define HAVE_FCNTL_H 1
| #define HAVE_SYS_TIME_H 1
| #define HAVE_TIME_H 1
| #define HAVE_ASSERT_H 1
| #define HAVE_SIGNAL_H 1
| #define HAVE_SYS_SIGNAL_H 1
| #define HAVE_MALLOC_H 1
| #define HAVE_SYS_SOCKET_H 1
| #define HAVE_ARPA_INET_H 1
| #define HAVE_NETINET_IN_H 1
| #define HAVE_NETDB_H 1
| #define HAVE_SYS_TYPES_H 1
| #define HAVE_SYS_UN_H 1
| #define HAVE_DLFCN_H 1
| /* end confdefs.h.  */
| #include <stdio.h>
| #if HAVE_SYS_TYPES_H
| # include <sys/types.h>
| #endif
| #if HAVE_SYS_STAT_H
| # include <sys/stat.h>
| #endif
| #if STDC_HEADERS
| # include <stdlib.h>
| # include <stddef.h>
| #else
| # if HAVE_STDLIB_H
| #  include <stdlib.h>
| # endif
| #endif
| #if HAVE_STRING_H
| # if !STDC_HEADERS && HAVE_MEMORY_H
| #  include <memory.h>
| # endif
| # include <string.h>
| #endif
| #if HAVE_STRINGS_H
| # include <strings.h>
| #endif
| #if HAVE_INTTYPES_H
| # include <inttypes.h>
| #else
| # if HAVE_STDINT_H
| #  include <stdint.h>
| # endif
| #endif
| #if HAVE_UNISTD_H
| # include <unistd.h>
| #endif
| #include <mach-o/dyld.h>
configure:27852: result: no
configure:27856: checking mach-o/dyld.h presence
configure:27866: gcc -E  -Wall -Wcast-align -Wchar-subscripts -Wformat -Winline -Wmissing-declarations -Wmissing-prototypes -Wnested-externs -Wpointer-arith conftest.c
conftest.c:52:25: fatal error: mach-o/dyld.h: No such file or directory
compilation terminated.
configure:27872: $? = 1
configure: failed program was:
| /* confdefs.h.  */
| 
| #define PACKAGE_NAME ""
| #define PACKAGE_TARNAME ""
| #define PACKAGE_VERSION ""
| #define PACKAGE_STRING ""
| #define PACKAGE_BUGREPORT ""
| #define PACKAGE "partysip"
| #define VERSION "2.2.3"
| #define STDC_HEADERS 1
| #define HAVE_SYS_TYPES_H 1
| #define HAVE_SYS_STAT_H 1
| #define HAVE_STDLIB_H 1
| #define HAVE_STRING_H 1
| #define HAVE_MEMORY_H 1
| #define HAVE_STRINGS_H 1
| #define HAVE_INTTYPES_H 1
| #define HAVE_STDINT_H 1
| #define HAVE_UNISTD_H 1
| #define HAVE_DLFCN_H 1
| #ifdef __cplusplus
| extern "C" void exit (int) throw ();
| #endif
| #define CONFIG_DIR "/usr/local/etc/partysip"
| #define HAVE_PTHREAD 1
| #define HAVE_SEMAPHORE_H 1
| #define HAVE_SYS_SEM_H 1
| #define STDC_HEADERS 1
| #define HAVE_CTYPE_H 1
| #define HAVE_STRING_H 1
| #define HAVE_STRINGS_H 1
| #define HAVE_STDIO_H 1
| #define HAVE_STDLIB_H 1
| #define HAVE_UNISTD_H 1
| #define HAVE_SYS_UNISTD_H 1
| #define HAVE_STDARG_H 1
| #define HAVE_FCNTL_H 1
| #define HAVE_SYS_TIME_H 1
| #define HAVE_TIME_H 1
| #define HAVE_ASSERT_H 1
| #define HAVE_SIGNAL_H 1
| #define HAVE_SYS_SIGNAL_H 1
| #define HAVE_MALLOC_H 1
| #define HAVE_SYS_SOCKET_H 1
| #define HAVE_ARPA_INET_H 1
| #define HAVE_NETINET_IN_H 1
| #define HAVE_NETDB_H 1
| #define HAVE_SYS_TYPES_H 1
| #define HAVE_SYS_UN_H 1
| #define HAVE_DLFCN_H 1
| /* end confdefs.h.  */
| #include <mach-o/dyld.h>
configure:27892: result: no
configure:27927: checking for mach-o/dyld.h
configure:27934: result: no
configure:27961: checking stddef.h usability
configure:27973: gcc -c -g   -Wall -Wcast-align -Wchar-subscripts -Wformat -Winline -Wmissing-declarations -Wmissing-prototypes -Wnested-externs -Wpointer-arith conftest.c >&5
configure:27979: $? = 0
configure:27982: test -z 			 || test ! -s conftest.err
configure:27985: $? = 0
configure:27988: test -s conftest.o
configure:27991: $? = 0
configure:28001: result: yes
configure:28005: checking stddef.h presence
configure:28015: gcc -E  -Wall -Wcast-align -Wchar-subscripts -Wformat -Winline -Wmissing-declarations -Wmissing-prototypes -Wnested-externs -Wpointer-arith conftest.c
configure:28021: $? = 0
configure:28041: result: yes
configure:28076: checking for stddef.h
configure:28083: result: yes
configure:28101: checking for stdlib.h
configure:28106: result: yes
configure:28250: checking for stdio.h
configure:28255: result: yes
configure:28408: checking errno.h usability
configure:28420: gcc -c -g   -Wall -Wcast-align -Wchar-subscripts -Wformat -Winline -Wmissing-declarations -Wmissing-prototypes -Wnested-externs -Wpointer-arith conftest.c >&5
configure:28426: $? = 0
configure:28429: test -z 			 || test ! -s conftest.err
configure:28432: $? = 0
configure:28435: test -s conftest.o
configure:28438: $? = 0
configure:28448: result: yes
configure:28452: checking errno.h presence
configure:28462: gcc -E  -Wall -Wcast-align -Wchar-subscripts -Wformat -Winline -Wmissing-declarations -Wmissing-prototypes -Wnested-externs -Wpointer-arith conftest.c
configure:28468: $? = 0
configure:28488: result: yes
configure:28523: checking for errno.h
configure:28530: result: yes
configure:28557: checking arpa/nameser.h usability
configure:28569: gcc -c -g   -Wall -Wcast-align -Wchar-subscripts -Wformat -Winline -Wmissing-declarations -Wmissing-prototypes -Wnested-externs -Wpointer-arith conftest.c >&5
configure:28575: $? = 0
configure:28578: test -z 			 || test ! -s conftest.err
configure:28581: $? = 0
configure:28584: test -s conftest.o
configure:28587: $? = 0
configure:28597: result: yes
configure:28601: checking arpa/nameser.h presence
configure:28611: gcc -E  -Wall -Wcast-align -Wchar-subscripts -Wformat -Winline -Wmissing-declarations -Wmissing-prototypes -Wnested-externs -Wpointer-arith conftest.c
configure:28617: $? = 0
configure:28637: result: yes
configure:28672: checking for arpa/nameser.h
configure:28679: result: yes
configure:28706: checking sys/select.h usability
configure:28718: gcc -c -g   -Wall -Wcast-align -Wchar-subscripts -Wformat -Winline -Wmissing-declarations -Wmissing-prototypes -Wnested-externs -Wpointer-arith conftest.c >&5
configure:28724: $? = 0
configure:28727: test -z 			 || test ! -s conftest.err
configure:28730: $? = 0
configure:28733: test -s conftest.o
configure:28736: $? = 0
configure:28746: result: yes
configure:28750: checking sys/select.h presence
configure:28760: gcc -E  -Wall -Wcast-align -Wchar-subscripts -Wformat -Winline -Wmissing-declarations -Wmissing-prototypes -Wnested-externs -Wpointer-arith conftest.c
configure:28766: $? = 0
configure:28786: result: yes
configure:28821: checking for sys/select.h
configure:28828: result: yes
configure:28842: checking for socklen_t
configure:28865: gcc -c -g   -Wall -Wcast-align -Wchar-subscripts -Wformat -Winline -Wmissing-declarations -Wmissing-prototypes -Wnested-externs -Wpointer-arith conftest.c >&5
conftest.c: In function 'main':
conftest.c:63:11: warning: unused variable 'len'
configure:28871: $? = 0
configure:28874: test -z 			 || test ! -s conftest.err
configure:28877: $? = 0
configure:28880: test -s conftest.o
configure:28883: $? = 0
configure:28895: result: yes
configure:28919: checking resolv8_compat.h usability
configure:28931: gcc -c -g   -Wall -Wcast-align -Wchar-subscripts -Wformat -Winline -Wmissing-declarations -Wmissing-prototypes -Wnested-externs -Wpointer-arith conftest.c >&5
conftest.c:92:28: fatal error: resolv8_compat.h: No such file or directory
compilation terminated.
configure:28937: $? = 1
configure: failed program was:
| /* confdefs.h.  */
| 
| #define PACKAGE_NAME ""
| #define PACKAGE_TARNAME ""
| #define PACKAGE_VERSION ""
| #define PACKAGE_STRING ""
| #define PACKAGE_BUGREPORT ""
| #define PACKAGE "partysip"
| #define VERSION "2.2.3"
| #define STDC_HEADERS 1
| #define HAVE_SYS_TYPES_H 1
| #define HAVE_SYS_STAT_H 1
| #define HAVE_STDLIB_H 1
| #define HAVE_STRING_H 1
| #define HAVE_MEMORY_H 1
| #define HAVE_STRINGS_H 1
| #define HAVE_INTTYPES_H 1
| #define HAVE_STDINT_H 1
| #define HAVE_UNISTD_H 1
| #define HAVE_DLFCN_H 1
| #ifdef __cplusplus
| extern "C" void exit (int) throw ();
| #endif
| #define CONFIG_DIR "/usr/local/etc/partysip"
| #define HAVE_PTHREAD 1
| #define HAVE_SEMAPHORE_H 1
| #define HAVE_SYS_SEM_H 1
| #define STDC_HEADERS 1
| #define HAVE_CTYPE_H 1
| #define HAVE_STRING_H 1
| #define HAVE_STRINGS_H 1
| #define HAVE_STDIO_H 1
| #define HAVE_STDLIB_H 1
| #define HAVE_UNISTD_H 1
| #define HAVE_SYS_UNISTD_H 1
| #define HAVE_STDARG_H 1
| #define HAVE_FCNTL_H 1
| #define HAVE_SYS_TIME_H 1
| #define HAVE_TIME_H 1
| #define HAVE_ASSERT_H 1
| #define HAVE_SIGNAL_H 1
| #define HAVE_SYS_SIGNAL_H 1
| #define HAVE_MALLOC_H 1
| #define HAVE_SYS_SOCKET_H 1
| #define HAVE_ARPA_INET_H 1
| #define HAVE_NETINET_IN_H 1
| #define HAVE_NETDB_H 1
| #define HAVE_SYS_TYPES_H 1
| #define HAVE_SYS_UN_H 1
| #define HAVE_DLFCN_H 1
| #define HAVE_STDDEF_H 1
| #define HAVE_STDLIB_H 1
| #define HAVE_STDIO_H 1
| #define HAVE_ERRNO_H 1
| #define HAVE_ARPA_NAMESER_H 1
| #define HAVE_SYS_SELECT_H 1
| /* end confdefs.h.  */
| #include <stdio.h>
| #if HAVE_SYS_TYPES_H
| # include <sys/types.h>
| #endif
| #if HAVE_SYS_STAT_H
| # include <sys/stat.h>
| #endif
| #if STDC_HEADERS
| # include <stdlib.h>
| # include <stddef.h>
| #else
| # if HAVE_STDLIB_H
| #  include <stdlib.h>
| # endif
| #endif
| #if HAVE_STRING_H
| # if !STDC_HEADERS && HAVE_MEMORY_H
| #  include <memory.h>
| # endif
| # include <string.h>
| #endif
| #if HAVE_STRINGS_H
| # include <strings.h>
| #endif
| #if HAVE_INTTYPES_H
| # include <inttypes.h>
| #else
| # if HAVE_STDINT_H
| #  include <stdint.h>
| # endif
| #endif
| #if HAVE_UNISTD_H
| # include <unistd.h>
| #endif
| #include <resolv8_compat.h>
configure:28959: result: no
configure:28963: checking resolv8_compat.h presence
configure:28973: gcc -E  -Wall -Wcast-align -Wchar-subscripts -Wformat -Winline -Wmissing-declarations -Wmissing-prototypes -Wnested-externs -Wpointer-arith conftest.c
conftest.c:58:28: fatal error: resolv8_compat.h: No such file or directory
compilation terminated.
configure:28979: $? = 1
configure: failed program was:
| /* confdefs.h.  */
| 
| #define PACKAGE_NAME ""
| #define PACKAGE_TARNAME ""
| #define PACKAGE_VERSION ""
| #define PACKAGE_STRING ""
| #define PACKAGE_BUGREPORT ""
| #define PACKAGE "partysip"
| #define VERSION "2.2.3"
| #define STDC_HEADERS 1
| #define HAVE_SYS_TYPES_H 1
| #define HAVE_SYS_STAT_H 1
| #define HAVE_STDLIB_H 1
| #define HAVE_STRING_H 1
| #define HAVE_MEMORY_H 1
| #define HAVE_STRINGS_H 1
| #define HAVE_INTTYPES_H 1
| #define HAVE_STDINT_H 1
| #define HAVE_UNISTD_H 1
| #define HAVE_DLFCN_H 1
| #ifdef __cplusplus
| extern "C" void exit (int) throw ();
| #endif
| #define CONFIG_DIR "/usr/local/etc/partysip"
| #define HAVE_PTHREAD 1
| #define HAVE_SEMAPHORE_H 1
| #define HAVE_SYS_SEM_H 1
| #define STDC_HEADERS 1
| #define HAVE_CTYPE_H 1
| #define HAVE_STRING_H 1
| #define HAVE_STRINGS_H 1
| #define HAVE_STDIO_H 1
| #define HAVE_STDLIB_H 1
| #define HAVE_UNISTD_H 1
| #define HAVE_SYS_UNISTD_H 1
| #define HAVE_STDARG_H 1
| #define HAVE_FCNTL_H 1
| #define HAVE_SYS_TIME_H 1
| #define HAVE_TIME_H 1
| #define HAVE_ASSERT_H 1
| #define HAVE_SIGNAL_H 1
| #define HAVE_SYS_SIGNAL_H 1
| #define HAVE_MALLOC_H 1
| #define HAVE_SYS_SOCKET_H 1
| #define HAVE_ARPA_INET_H 1
| #define HAVE_NETINET_IN_H 1
| #define HAVE_NETDB_H 1
| #define HAVE_SYS_TYPES_H 1
| #define HAVE_SYS_UN_H 1
| #define HAVE_DLFCN_H 1
| #define HAVE_STDDEF_H 1
| #define HAVE_STDLIB_H 1
| #define HAVE_STDIO_H 1
| #define HAVE_ERRNO_H 1
| #define HAVE_ARPA_NAMESER_H 1
| #define HAVE_SYS_SELECT_H 1
| /* end confdefs.h.  */
| #include <resolv8_compat.h>
configure:28999: result: no
configure:29034: checking for resolv8_compat.h
configure:29041: result: no
configure:29058: checking for resolv.h
configure:29083: gcc -c -g   -Wall -Wcast-align -Wchar-subscripts -Wformat -Winline -Wmissing-declarations -Wmissing-prototypes -Wnested-externs -Wpointer-arith conftest.c >&5
configure:29089: $? = 0
configure:29092: test -z 			 || test ! -s conftest.err
configure:29095: $? = 0
configure:29098: test -s conftest.o
configure:29101: $? = 0
configure:29112: result: yes
configure:29250: creating ./config.status

## ---------------------- ##
## Running config.status. ##
## ---------------------- ##

This file was extended by config.status, which was
generated by GNU Autoconf 2.59.  Invocation command line was

  CONFIG_FILES    = 
  CONFIG_HEADERS  = 
  CONFIG_LINKS    = 
  CONFIG_COMMANDS = 
  $ ./config.status 

on ubuntu

config.status:791: creating Makefile
config.status:791: creating ppl/Makefile
config.status:791: creating ppl/unix/Makefile
config.status:791: creating ppl/unix/ppl/Makefile
config.status:791: creating ppl/win32/Makefile
config.status:791: creating ppl/win32/ppl/Makefile
config.status:791: creating src/Makefile
config.status:791: creating tools/Makefile
config.status:791: creating plugin/Makefile
config.status:791: creating plugin/udp/Makefile
config.status:791: creating plugin/syntax/Makefile
config.status:791: creating plugin/filter/Makefile
config.status:791: creating plugin/auth/Makefile
config.status:791: creating plugin/rgstrar/Makefile
config.status:791: creating plugin/ls_static/Makefile
config.status:791: creating plugin/ls_sfull/Makefile
config.status:791: creating plugin/ls_localdb/Makefile
config.status:791: creating plugin/groups/Makefile
config.status:791: creating partysip/Makefile
config.status:791: creating conf/Makefile
config.status:791: creating doc/Makefile
config.status:791: creating scripts/Makefile
config.status:791: creating debian/Makefile
config.status:791: creating windows/Makefile
config.status:791: creating windows/vsnet/Makefile
config.status:791: creating src/partysip-config
config.status:857: creating config.h
config.status:1051: config.h is unchanged
config.status:1231: executing depfiles commands
config.status:1231: executing default commands

## ---------------- ##
## Cache variables. ##
## ---------------- ##

ac_cv_build=i686-pc-linux-gnu
ac_cv_build_alias=i686-pc-linux-gnu
ac_cv_c_compiler_gnu=yes
ac_cv_cxx_compiler_gnu=yes
ac_cv_env_CC_set=
ac_cv_env_CC_value=
ac_cv_env_CFLAGS_set=
ac_cv_env_CFLAGS_value=
ac_cv_env_CPPFLAGS_set=
ac_cv_env_CPPFLAGS_value=
ac_cv_env_CPP_set=
ac_cv_env_CPP_value=
ac_cv_env_CXXCPP_set=
ac_cv_env_CXXCPP_value=
ac_cv_env_CXXFLAGS_set=
ac_cv_env_CXXFLAGS_value=
ac_cv_env_CXX_set=
ac_cv_env_CXX_value=
ac_cv_env_F77_set=
ac_cv_env_F77_value=
ac_cv_env_FFLAGS_set=
ac_cv_env_FFLAGS_value=
ac_cv_env_LDFLAGS_set=
ac_cv_env_LDFLAGS_value=
ac_cv_env_build_alias_set=
ac_cv_env_build_alias_value=
ac_cv_env_host_alias_set=
ac_cv_env_host_alias_value=
ac_cv_env_target_alias_set=
ac_cv_env_target_alias_value=
ac_cv_exeext=
ac_cv_f77_compiler_gnu=no
ac_cv_func_dlopen=no
ac_cv_func_shl_load=no
ac_cv_header_arpa_inet_h=yes
ac_cv_header_arpa_nameser_h=yes
ac_cv_header_assert_h=yes
ac_cv_header_ctype_h=yes
ac_cv_header_dl_h=no
ac_cv_header_dlfcn_h=yes
ac_cv_header_errno_h=yes
ac_cv_header_fcntl_h=yes
ac_cv_header_inttypes_h=yes
ac_cv_header_mach_o_dyld_h=no
ac_cv_header_malloc_h=yes
ac_cv_header_memory_h=yes
ac_cv_header_netdb_h=yes
ac_cv_header_netinet_in_h=yes
ac_cv_header_resolv8_compat_h=no
ac_cv_header_resolv_h=yes
ac_cv_header_semaphore_h=yes
ac_cv_header_signal_h=yes
ac_cv_header_stdarg_h=yes
ac_cv_header_stdc=yes
ac_cv_header_stddef_h=yes
ac_cv_header_stdint_h=yes
ac_cv_header_stdio_h=yes
ac_cv_header_stdlib_h=yes
ac_cv_header_string_h=yes
ac_cv_header_strings_h=yes
ac_cv_header_sys_select_h=yes
ac_cv_header_sys_sem_h=yes
ac_cv_header_sys_signal_h=yes
ac_cv_header_sys_socket_h=yes
ac_cv_header_sys_stat_h=yes
ac_cv_header_sys_time_h=yes
ac_cv_header_sys_types_h=yes
ac_cv_header_sys_un_h=yes
ac_cv_header_sys_unistd_h=yes
ac_cv_header_time_h=yes
ac_cv_header_unistd_h=yes
ac_cv_header_varargs_h=no
ac_cv_host=i686-pc-linux-gnu
ac_cv_host_alias=i686-pc-linux-gnu
ac_cv_lib_dl_dlopen=yes
ac_cv_lib_dl_sendto=yes
ac_cv_lib_dld_shl_load=no
ac_cv_lib_nsl_nis_add=yes
ac_cv_lib_posix4_sem_open=no
ac_cv_lib_resolv_res_query=yes
ac_cv_lib_socket_sendto=no
ac_cv_objext=o
ac_cv_path_install='/usr/bin/install -c'
ac_cv_prog_AWK=mawk
ac_cv_prog_CPP='gcc -E'
ac_cv_prog_CXXCPP='g++ -E'
ac_cv_prog_PTHREAD_CC=gcc
ac_cv_prog_ac_ct_AR=ar
ac_cv_prog_ac_ct_CC=gcc
ac_cv_prog_ac_ct_CXX=g++
ac_cv_prog_ac_ct_RANLIB=ranlib
ac_cv_prog_ac_ct_STRIP=strip
ac_cv_prog_cc_g=yes
ac_cv_prog_cc_stdc=
ac_cv_prog_cxx_g=yes
ac_cv_prog_egrep='grep -E'
ac_cv_prog_f77_g=no
ac_cv_prog_make_make_set=yes
ac_cv_type_socklen_t=yes
am_cv_CC_dependencies_compiler_type=gcc3
am_cv_CXX_dependencies_compiler_type=gcc3
lt_cv_deplibs_check_method=pass_all
lt_cv_dlopen=dlopen
lt_cv_dlopen_libs=-ldl
lt_cv_dlopen_self=yes
lt_cv_dlopen_self_static=yes
lt_cv_file_magic_cmd='$MAGIC_CMD'
lt_cv_file_magic_test_file=
lt_cv_ld_reload_flag=-r
lt_cv_objdir=.libs
lt_cv_path_LD=/usr/bin/ld
lt_cv_path_LDCXX=/usr/bin/ld
lt_cv_path_NM='/usr/bin/nm -B'
lt_cv_path_SED=/bin/sed
lt_cv_prog_compiler_c_o=yes
lt_cv_prog_compiler_c_o_CXX=yes
lt_cv_prog_compiler_rtti_exceptions=no
lt_cv_prog_gnu_ld=yes
lt_cv_prog_gnu_ldcxx=yes
lt_cv_sys_global_symbol_pipe='sed -n -e '\''s/^.*[ 	]\([ABCDGIRSTW][ABCDGIRSTW]*\)[ 	][ 	]*\(\)\([_A-Za-z][_A-Za-z0-9]*\)$/\1 \2\3 \3/p'\'''
lt_cv_sys_global_symbol_to_c_name_address='sed -n -e '\''s/^: \([^ ]*\) $/  {\"\1\", (lt_ptr) 0},/p'\'' -e '\''s/^[BCDEGRST] \([^ ]*\) \([^ ]*\)$/  {"\2", (lt_ptr) \&\2},/p'\'''
lt_cv_sys_global_symbol_to_cdecl='sed -n -e '\''s/^. .* \(.*\)$/extern int \1;/p'\'''
lt_cv_sys_max_cmd_len=32768
lt_lt_cv_prog_compiler_c_o='"yes"'
lt_lt_cv_prog_compiler_c_o_CXX='"yes"'
lt_lt_cv_sys_global_symbol_pipe='"sed -n -e '\''s/^.*[ 	]\\([ABCDGIRSTW][ABCDGIRSTW]*\\)[ 	][ 	]*\\(\\)\\([_A-Za-z][_A-Za-z0-9]*\\)\$/\\1 \\2\\3 \\3/p'\''"'
lt_lt_cv_sys_global_symbol_to_c_name_address='"sed -n -e '\''s/^: \\([^ ]*\\) \$/  {\\\"\\1\\\", (lt_ptr) 0},/p'\'' -e '\''s/^[BCDEGRST] \\([^ ]*\\) \\([^ ]*\\)\$/  {\"\\2\", (lt_ptr) \\&\\2},/p'\''"'
lt_lt_cv_sys_global_symbol_to_cdecl='"sed -n -e '\''s/^. .* \\(.*\\)\$/extern int \\1;/p'\''"'

## ----------------- ##
## Output variables. ##
## ----------------- ##

ACLOCAL='${SHELL} /home/gongzf/codelab/partysip-2.2.3/scripts/missing --run aclocal-1.8 -I scripts'
AMDEPBACKSLASH='\'
AMDEP_FALSE='#'
AMDEP_TRUE=''
AMTAR='${SHELL} /home/gongzf/codelab/partysip-2.2.3/scripts/missing --run tar'
AR='ar'
AUTOCONF='${SHELL} /home/gongzf/codelab/partysip-2.2.3/scripts/missing --run autoconf'
AUTOHEADER='${SHELL} /home/gongzf/codelab/partysip-2.2.3/scripts/missing --run autoheader'
AUTOMAKE='${SHELL} /home/gongzf/codelab/partysip-2.2.3/scripts/missing --run automake-1.8'
AWK='mawk'
CC='gcc'
CCDEPMODE='depmode=gcc3'
CFLAGS='-g '
CONFIG_DIR='${prefix}/etc/partysip'
CPP='gcc -E'
CPPFLAGS=' -Wall -Wcast-align -Wchar-subscripts -Wformat -Winline -Wmissing-declarations -Wmissing-prototypes -Wnested-externs -Wpointer-arith'
CXX='g++'
CXXCPP='g++ -E'
CXXDEPMODE='depmode=gcc3'
CXXFLAGS='-g -O2'
CYGPATH_W='echo'
DEFS='-DHAVE_CONFIG_H'
DEPDIR='.deps'
ECHO='echo'
ECHO_C=''
ECHO_N='-n'
ECHO_T=''
EGREP='grep -E'
ETCDIR=''
EXEEXT=''
F77=''
FFLAGS=''
INSIDE_GNOME_COMMON_FALSE=''
INSIDE_GNOME_COMMON_TRUE='#'
INSTALL_DATA='${INSTALL} -m 644'
INSTALL_PROGRAM='${INSTALL}'
INSTALL_SCRIPT='${INSTALL}'
INSTALL_STRIP_PROGRAM='${SHELL} $(install_sh) -c -s'
LDFLAGS=''
LIBOBJS=''
LIBPPL_SO_VERSION='4:3:2'
LIBS=''
LIBTOOL='$(SHELL) $(top_builddir)/libtool'
LN_S='ln -s'
LTLIBOBJS=''
MAKEINFO='${SHELL} /home/gongzf/codelab/partysip-2.2.3/scripts/missing --run makeinfo'
OBJEXT='o'
PACKAGE='partysip'
PACKAGE_BUGREPORT=''
PACKAGE_NAME=''
PACKAGE_STRING=''
PACKAGE_TARNAME=''
PACKAGE_VERSION=''
PARTYSIP_FLAGS='-DOSIP_MT -D_REENTRANT -D_THREAD_SAFE -DXOPEN_SOURCE=500 -DHAVE_GETADDRINFO -DNEW_TIMER -pedantic -DUSE_TMP_BUFFER -DDENABLE_DEBUG -g -DENABLE_TRACE'
PARTYSIP_LIB=' -lresolv -lnsl -ldl'
PATH_SEPARATOR=':'
PPL_FLAGS='-DOSIP_MT -D_REENTRANT -D_THREAD_SAFE -DXOPEN_SOURCE=500 -DHAVE_GETADDRINFO -DNEW_TIMER -pedantic -DUSE_TMP_BUFFER -DENABLE_DEBUG -g -DENABLE_TRACE'
PPL_LIB=' -lresolv -lnsl -ldl'
PSP_VERSION='2.2.3'
PTHREAD_CC='gcc'
PTHREAD_CFLAGS='-pthread'
PTHREAD_LIBS=''
RANLIB='ranlib'
SET_MAKE=''
SHELL='/bin/bash'
STRIP='strip'
VERSION='2.2.3'
ac_aux_dir='scripts'
ac_ct_AR='ar'
ac_ct_CC='gcc'
ac_ct_CXX='g++'
ac_ct_F77=''
ac_ct_RANLIB='ranlib'
ac_ct_STRIP='strip'
am__fastdepCC_FALSE='#'
am__fastdepCC_TRUE=''
am__fastdepCXX_FALSE='#'
am__fastdepCXX_TRUE=''
am__include='include'
am__leading_dot='.'
am__quote=''
bindir='${exec_prefix}/bin'
build='i686-pc-linux-gnu'
build_alias=''
build_cpu='i686'
build_os='linux-gnu'
build_vendor='pc'
datadir='${prefix}/share'
exec_prefix='${prefix}'
host='i686-pc-linux-gnu'
host_alias=''
host_cpu='i686'
host_os='linux-gnu'
host_vendor='pc'
includedir='${prefix}/include'
infodir='${prefix}/info'
install_sh='/home/gongzf/codelab/partysip-2.2.3/scripts/install-sh'
libdir='${exec_prefix}/lib'
libexecdir='${exec_prefix}/libexec'
localstatedir='${prefix}/var'
mandir='${prefix}/man'
mkdir_p='mkdir -p -- .'
oldincludedir='/usr/include'
prefix='/usr/local'
program_transform_name='s,x,x,'
sbindir='${exec_prefix}/sbin'
sharedstatedir='${prefix}/com'
sysconfdir='${prefix}/etc'
target_alias=''

## ----------- ##
## confdefs.h. ##
## ----------- ##

#define CONFIG_DIR "/usr/local/etc/partysip"
#define HAVE_ARPA_INET_H 1
#define HAVE_ARPA_NAMESER_H 1
#define HAVE_ASSERT_H 1
#define HAVE_CTYPE_H 1
#define HAVE_DLFCN_H 1
#define HAVE_DLFCN_H 1
#define HAVE_ERRNO_H 1
#define HAVE_FCNTL_H 1
#define HAVE_INTTYPES_H 1
#define HAVE_MALLOC_H 1
#define HAVE_MEMORY_H 1
#define HAVE_NETDB_H 1
#define HAVE_NETINET_IN_H 1
#define HAVE_PTHREAD 1
#define HAVE_RESOLV_H 1
#define HAVE_SEMAPHORE_H 1
#define HAVE_SIGNAL_H 1
#define HAVE_STDARG_H 1
#define HAVE_STDDEF_H 1
#define HAVE_STDINT_H 1
#define HAVE_STDIO_H 1
#define HAVE_STDIO_H 1
#define HAVE_STDLIB_H 1
#define HAVE_STDLIB_H 1
#define HAVE_STDLIB_H 1
#define HAVE_STRINGS_H 1
#define HAVE_STRINGS_H 1
#define HAVE_STRING_H 1
#define HAVE_STRING_H 1
#define HAVE_SYS_SELECT_H 1
#define HAVE_SYS_SEM_H 1
#define HAVE_SYS_SIGNAL_H 1
#define HAVE_SYS_SOCKET_H 1
#define HAVE_SYS_STAT_H 1
#define HAVE_SYS_TIME_H 1
#define HAVE_SYS_TYPES_H 1
#define HAVE_SYS_TYPES_H 1
#define HAVE_SYS_UNISTD_H 1
#define HAVE_SYS_UN_H 1
#define HAVE_TIME_H 1
#define HAVE_UNISTD_H 1
#define HAVE_UNISTD_H 1
#define PACKAGE "partysip"
#define PACKAGE_BUGREPORT ""
#define PACKAGE_NAME ""
#define PACKAGE_STRING ""
#define PACKAGE_TARNAME ""
#define PACKAGE_VERSION ""
#define STDC_HEADERS 1
#define STDC_HEADERS 1
#define VERSION "2.2.3"
#endif
#ifdef __cplusplus
extern "C" void exit (int) throw ();

configure: exit 0
